device: cuda
samples: train=10 test=5
batch_size: 16 amp: True
epoch 0001 loss=0.7132
epoch 0020 loss=0.4439
test metrics:
raw_accuracy: 0.9947
raw_precision: 0.9994
raw_recall: 0.9855
raw_f1: 0.9923
raw_brier: 0.1055
raw_ece: 0.3127
raw_topk: 1.0000
refined_accuracy: 1.0000
refined_precision: 1.0000
refined_recall: 1.0000
refined_f1: 1.0000
refined_brier: 0.0540
refined_ece: 0.1905
refined_topk: 1.0000
refined_ambiguous_ratio: 0.2162
refined_refinement_candidate_ratio: 0.2953
delta_accuracy: 0.0053
delta_precision: 0.0006
delta_recall: 0.0145
delta_f1: 0.0077
delta_brier: -0.0516
delta_ece: -0.1221
delta_topk: 0.0000
candidate_accuracy: 1.0000
candidate_precision: 1.0000
candidate_recall: 1.0000
candidate_f1: 1.0000
refinement_change_rate: 0.0134
refinement_corrected_rate: 0.6000
refinement_wrong_flip_rate: 0.0000
