device: cuda
samples: train=10 test=5
batch_size: 16 amp: True
epoch 0001 loss=0.7201
epoch 0020 loss=0.3357
test metrics:
raw_accuracy: 0.7998
raw_precision: 0.0000
raw_recall: 0.0000
raw_f1: 0.0000
raw_brier: 0.0837
raw_ece: 0.2197
raw_topk: 1.0000
refined_accuracy: 0.9795
refined_precision: 1.0000
refined_recall: 0.8976
refined_f1: 0.9327
refined_brier: 0.0214
refined_ece: 0.1075
refined_topk: 1.0000
refined_ambiguous_ratio: 0.1375
refined_refinement_candidate_ratio: 0.2242
delta_accuracy: 0.1797
delta_precision: 1.0000
delta_recall: 0.8976
delta_f1: 0.9327
delta_brier: -0.0623
delta_ece: -0.1122
delta_topk: 0.0000
candidate_accuracy: 1.0000
candidate_precision: 1.0000
candidate_recall: 1.0000
candidate_f1: 1.0000
refinement_change_rate: 0.8379
refinement_corrected_rate: 1.0000
refinement_wrong_flip_rate: 0.0000
