device: cuda
samples: train=10 test=5
batch_size: 16 amp: True
epoch 0001 loss=0.7011
epoch 0020 loss=0.3524
test metrics:
raw_accuracy: 0.8826
raw_precision: 0.8000
raw_recall: 0.5305
raw_f1: 0.5614
raw_brier: 0.0848
raw_ece: 0.2437
raw_topk: 1.0000
refined_accuracy: 1.0000
refined_precision: 1.0000
refined_recall: 1.0000
refined_f1: 1.0000
refined_brier: 0.0156
refined_ece: 0.1021
refined_topk: 1.0000
refined_ambiguous_ratio: 0.2334
refined_refinement_candidate_ratio: 0.3104
delta_accuracy: 0.1174
delta_precision: 0.2000
delta_recall: 0.4695
delta_f1: 0.4386
delta_brier: -0.0692
delta_ece: -0.1416
delta_topk: 0.0000
candidate_accuracy: 1.0000
candidate_precision: 1.0000
candidate_recall: 1.0000
candidate_f1: 1.0000
refinement_change_rate: 0.4018
refinement_corrected_rate: 0.8000
refinement_wrong_flip_rate: 0.0000
