device: cuda
samples: train=10 test=5
batch_size: 16 amp: True
epoch 0001 loss=0.7171
epoch 0020 loss=0.4176
test metrics:
raw_accuracy: 0.9906
raw_precision: 1.0000
raw_recall: 0.9766
raw_f1: 0.9880
raw_brier: 0.1033
raw_ece: 0.3111
raw_topk: 1.0000
refined_accuracy: 1.0000
refined_precision: 1.0000
refined_recall: 1.0000
refined_f1: 1.0000
refined_brier: 0.0578
refined_ece: 0.2025
refined_topk: 1.0000
refined_ambiguous_ratio: 0.1832
refined_refinement_candidate_ratio: 0.2660
delta_accuracy: 0.0094
delta_precision: 0.0000
delta_recall: 0.0234
delta_f1: 0.0120
delta_brier: -0.0456
delta_ece: -0.1085
delta_topk: 0.0000
candidate_accuracy: 1.0000
candidate_precision: 1.0000
candidate_recall: 1.0000
candidate_f1: 1.0000
refinement_change_rate: 0.0270
refinement_corrected_rate: 0.8000
refinement_wrong_flip_rate: 0.0000
