device: cuda
samples: train=10 test=5
batch_size: 16 amp: True
epoch 0001 loss=0.6994
epoch 0020 loss=0.3906
test metrics:
raw_accuracy: 0.9557
raw_precision: 1.0000
raw_recall: 0.8521
raw_f1: 0.9094
raw_brier: 0.0885
raw_ece: 0.2702
raw_topk: 1.0000
refined_accuracy: 1.0000
refined_precision: 1.0000
refined_recall: 1.0000
refined_f1: 1.0000
refined_brier: 0.0253
refined_ece: 0.1252
refined_topk: 1.0000
refined_ambiguous_ratio: 0.2748
refined_refinement_candidate_ratio: 0.3479
delta_accuracy: 0.0443
delta_precision: 0.0000
delta_recall: 0.1479
delta_f1: 0.0906
delta_brier: -0.0632
delta_ece: -0.1449
delta_topk: 0.0000
candidate_accuracy: 1.0000
candidate_precision: 1.0000
candidate_recall: 1.0000
candidate_f1: 1.0000
refinement_change_rate: 0.1198
refinement_corrected_rate: 0.8000
refinement_wrong_flip_rate: 0.0000
