device: cuda
samples: train=10 test=5
batch_size: 16 amp: True
epoch 0001 loss=0.6979
epoch 0020 loss=0.4168
test metrics:
raw_accuracy: 0.8941
raw_precision: 1.0000
raw_recall: 0.7356
raw_f1: 0.8250
raw_brier: 0.1143
raw_ece: 0.3107
raw_topk: 1.0000
refined_accuracy: 1.0000
refined_precision: 1.0000
refined_recall: 1.0000
refined_f1: 1.0000
refined_brier: 0.0293
refined_ece: 0.1276
refined_topk: 1.0000
refined_ambiguous_ratio: 0.3482
refined_refinement_candidate_ratio: 0.4146
delta_accuracy: 0.1059
delta_precision: 0.0000
delta_recall: 0.2644
delta_f1: 0.1750
delta_brier: -0.0850
delta_ece: -0.1832
delta_topk: 0.0000
candidate_accuracy: 1.0000
candidate_precision: 1.0000
candidate_recall: 1.0000
candidate_f1: 1.0000
refinement_change_rate: 0.2385
refinement_corrected_rate: 1.0000
refinement_wrong_flip_rate: 0.0000
