device: cuda
samples: train=10 test=5
batch_size: 16 amp: True
epoch 0001 loss=0.7050
epoch 0020 loss=0.3449
test metrics:
raw_accuracy: 0.8111
raw_precision: 0.8000
raw_recall: 0.2445
raw_f1: 0.3148
raw_brier: 0.0862
raw_ece: 0.2355
raw_topk: 1.0000
refined_accuracy: 1.0000
refined_precision: 1.0000
refined_recall: 1.0000
refined_f1: 1.0000
refined_brier: 0.0120
refined_ece: 0.0900
refined_topk: 1.0000
refined_ambiguous_ratio: 0.2348
refined_refinement_candidate_ratio: 0.3117
delta_accuracy: 0.1889
delta_precision: 0.2000
delta_recall: 0.7555
delta_f1: 0.6852
delta_brier: -0.0742
delta_ece: -0.1455
delta_topk: 0.0000
candidate_accuracy: 1.0000
candidate_precision: 1.0000
candidate_recall: 1.0000
candidate_f1: 1.0000
refinement_change_rate: 0.6153
refinement_corrected_rate: 1.0000
refinement_wrong_flip_rate: 0.0000
