device: cuda
samples: train=10 test=5
batch_size: 16 amp: True
epoch 0001 loss=0.7132
epoch 0020 loss=0.4398
test metrics:
raw_accuracy: 0.9990
raw_precision: 0.9996
raw_recall: 0.9983
raw_f1: 0.9989
raw_brier: 0.1032
raw_ece: 0.3099
raw_topk: 1.0000
refined_accuracy: 1.0000
refined_precision: 1.0000
refined_recall: 1.0000
refined_f1: 1.0000
refined_brier: 0.0656
refined_ece: 0.2180
refined_topk: 1.0000
refined_ambiguous_ratio: 0.1434
refined_refinement_candidate_ratio: 0.2299
delta_accuracy: 0.0010
delta_precision: 0.0004
delta_recall: 0.0017
delta_f1: 0.0011
delta_brier: -0.0376
delta_ece: -0.0919
delta_topk: 0.0000
candidate_accuracy: 1.0000
candidate_precision: 1.0000
candidate_recall: 1.0000
candidate_f1: 1.0000
refinement_change_rate: 0.0039
refinement_corrected_rate: 0.4000
refinement_wrong_flip_rate: 0.0000
