device: cuda
samples: train=10 test=5
batch_size: 16 amp: True
epoch 0001 loss=0.7353
epoch 0020 loss=0.4711
test metrics:
raw_accuracy: 0.9881
raw_precision: 0.9778
raw_recall: 0.9996
raw_f1: 0.9884
raw_brier: 0.1196
raw_ece: 0.3389
raw_topk: 0.9992
refined_accuracy: 1.0000
refined_precision: 1.0000
refined_recall: 1.0000
refined_f1: 1.0000
refined_brier: 0.0821
refined_ece: 0.2530
refined_topk: 1.0000
refined_ambiguous_ratio: 0.1256
refined_refinement_candidate_ratio: 0.2141
delta_accuracy: 0.0119
delta_precision: 0.0222
delta_recall: 0.0004
delta_f1: 0.0116
delta_brier: -0.0375
delta_ece: -0.0859
delta_topk: 0.0008
candidate_accuracy: 1.0000
candidate_precision: 1.0000
candidate_recall: 1.0000
candidate_f1: 1.0000
refinement_change_rate: 0.0462
refinement_corrected_rate: 1.0000
refinement_wrong_flip_rate: 0.0000
