device: cuda
samples: train=10 test=5
batch_size: 16 amp: True
epoch 0001 loss=0.6902
epoch 0020 loss=0.3259
test metrics:
raw_accuracy: 0.9992
raw_precision: 1.0000
raw_recall: 0.9978
raw_f1: 0.9989
raw_brier: 0.0550
raw_ece: 0.2187
raw_topk: 1.0000
refined_accuracy: 1.0000
refined_precision: 1.0000
refined_recall: 1.0000
refined_f1: 1.0000
refined_brier: 0.0415
refined_ece: 0.1787
refined_topk: 1.0000
refined_ambiguous_ratio: 0.0273
refined_refinement_candidate_ratio: 0.1254
delta_accuracy: 0.0008
delta_precision: 0.0000
delta_recall: 0.0022
delta_f1: 0.0011
delta_brier: -0.0135
delta_ece: -0.0399
delta_topk: 0.0000
candidate_accuracy: 1.0000
candidate_precision: 1.0000
candidate_recall: 1.0000
candidate_f1: 1.0000
refinement_change_rate: 0.0048
refinement_corrected_rate: 0.4000
refinement_wrong_flip_rate: 0.0000
