device: cuda
samples: train=10 test=5
batch_size: 16 amp: True
epoch 0001 loss=0.7318
epoch 0020 loss=0.4065
test metrics:
raw_accuracy: 0.9619
raw_precision: 1.0000
raw_recall: 0.8911
raw_f1: 0.9373
raw_brier: 0.1052
raw_ece: 0.2984
raw_topk: 0.9994
refined_accuracy: 1.0000
refined_precision: 1.0000
refined_recall: 1.0000
refined_f1: 1.0000
refined_brier: 0.0249
refined_ece: 0.1186
refined_topk: 1.0000
refined_ambiguous_ratio: 0.3527
refined_refinement_candidate_ratio: 0.4178
delta_accuracy: 0.0381
delta_precision: 0.0000
delta_recall: 0.1089
delta_f1: 0.0627
delta_brier: -0.0803
delta_ece: -0.1797
delta_topk: 0.0006
candidate_accuracy: 1.0000
candidate_precision: 1.0000
candidate_recall: 1.0000
candidate_f1: 1.0000
refinement_change_rate: 0.0917
refinement_corrected_rate: 0.8000
refinement_wrong_flip_rate: 0.0000
