device: cuda
samples: train=10 test=5
batch_size: 16 amp: True
epoch 0001 loss=0.6772
epoch 0020 loss=0.3322
test metrics:
raw_accuracy: 0.9998
raw_precision: 1.0000
raw_recall: 0.9993
raw_f1: 0.9997
raw_brier: 0.0653
raw_ece: 0.2289
raw_topk: 1.0000
refined_accuracy: 1.0000
refined_precision: 1.0000
refined_recall: 1.0000
refined_f1: 1.0000
refined_brier: 0.0397
refined_ece: 0.1605
refined_topk: 1.0000
refined_ambiguous_ratio: 0.1047
refined_refinement_candidate_ratio: 0.1951
delta_accuracy: 0.0002
delta_precision: 0.0000
delta_recall: 0.0007
delta_f1: 0.0003
delta_brier: -0.0256
delta_ece: -0.0684
delta_topk: 0.0000
candidate_accuracy: 1.0000
candidate_precision: 1.0000
candidate_recall: 1.0000
candidate_f1: 1.0000
refinement_change_rate: 0.0008
refinement_corrected_rate: 0.2000
refinement_wrong_flip_rate: 0.0000
