device: cuda
samples: train=10 test=5
batch_size: 16 amp: True
epoch 0001 loss=0.7004
epoch 0020 loss=0.3415
test metrics:
raw_accuracy: 0.9867
raw_precision: 0.9842
raw_recall: 0.9898
raw_f1: 0.9867
raw_brier: 0.0601
raw_ece: 0.2229
raw_topk: 0.9957
refined_accuracy: 0.9996
refined_precision: 0.9992
refined_recall: 1.0000
refined_f1: 0.9996
refined_brier: 0.0373
refined_ece: 0.1696
refined_topk: 0.9992
refined_ambiguous_ratio: 0.0551
refined_refinement_candidate_ratio: 0.1502
delta_accuracy: 0.0129
delta_precision: 0.0150
delta_recall: 0.0102
delta_f1: 0.0129
delta_brier: -0.0228
delta_ece: -0.0533
delta_topk: 0.0035
candidate_accuracy: 1.0000
candidate_precision: 1.0000
candidate_recall: 1.0000
candidate_f1: 1.0000
refinement_change_rate: 0.0748
refinement_corrected_rate: 0.8000
refinement_wrong_flip_rate: 0.0000
