device: cuda
samples: train=10 test=5
batch_size: 16 amp: True
epoch 0001 loss=0.7148
epoch 0020 loss=0.4454
test metrics:
raw_accuracy: 0.9922
raw_precision: 0.9970
raw_recall: 0.9857
raw_f1: 0.9911
raw_brier: 0.1079
raw_ece: 0.3190
raw_topk: 0.9991
refined_accuracy: 1.0000
refined_precision: 1.0000
refined_recall: 1.0000
refined_f1: 1.0000
refined_brier: 0.0719
refined_ece: 0.2354
refined_topk: 1.0000
refined_ambiguous_ratio: 0.1182
refined_refinement_candidate_ratio: 0.2074
delta_accuracy: 0.0078
delta_precision: 0.0030
delta_recall: 0.0143
delta_f1: 0.0089
delta_brier: -0.0359
delta_ece: -0.0835
delta_topk: 0.0009
candidate_accuracy: 1.0000
candidate_precision: 1.0000
candidate_recall: 1.0000
candidate_f1: 1.0000
refinement_change_rate: 0.0236
refinement_corrected_rate: 1.0000
refinement_wrong_flip_rate: 0.0000
