device: cuda
samples: train=10 test=5
batch_size: 16 amp: True
epoch 0001 loss=0.7123
epoch 0020 loss=0.4732
test metrics:
raw_accuracy: 0.9947
raw_precision: 0.9995
raw_recall: 0.9873
raw_f1: 0.9932
raw_brier: 0.1176
raw_ece: 0.3356
raw_topk: 0.9995
refined_accuracy: 1.0000
refined_precision: 1.0000
refined_recall: 1.0000
refined_f1: 1.0000
refined_brier: 0.0700
refined_ece: 0.2225
refined_topk: 1.0000
refined_ambiguous_ratio: 0.1910
refined_refinement_candidate_ratio: 0.2729
delta_accuracy: 0.0053
delta_precision: 0.0005
delta_recall: 0.0127
delta_f1: 0.0068
delta_brier: -0.0476
delta_ece: -0.1131
delta_topk: 0.0005
candidate_accuracy: 1.0000
candidate_precision: 1.0000
candidate_recall: 1.0000
candidate_f1: 1.0000
refinement_change_rate: 0.0117
refinement_corrected_rate: 0.4000
refinement_wrong_flip_rate: 0.0000
