device: cuda
samples: train=10 test=5
batch_size: 16 amp: True
epoch 0001 loss=0.7056
epoch 0020 loss=0.3792
test metrics:
raw_accuracy: 0.9600
raw_precision: 0.9936
raw_recall: 0.9063
raw_f1: 0.9460
raw_brier: 0.0887
raw_ece: 0.2619
raw_topk: 0.9917
refined_accuracy: 1.0000
refined_precision: 1.0000
refined_recall: 1.0000
refined_f1: 1.0000
refined_brier: 0.0430
refined_ece: 0.1654
refined_topk: 1.0000
refined_ambiguous_ratio: 0.1633
refined_refinement_candidate_ratio: 0.2477
delta_accuracy: 0.0400
delta_precision: 0.0064
delta_recall: 0.0937
delta_f1: 0.0540
delta_brier: -0.0457
delta_ece: -0.0965
delta_topk: 0.0083
candidate_accuracy: 1.0000
candidate_precision: 1.0000
candidate_recall: 1.0000
candidate_f1: 1.0000
refinement_change_rate: 0.1405
refinement_corrected_rate: 1.0000
refinement_wrong_flip_rate: 0.0000
