device: cuda
samples: train=10 test=5
batch_size: 16 amp: True
epoch 0001 loss=0.7447
epoch 0020 loss=0.4603
test metrics:
raw_accuracy: 0.9041
raw_precision: 1.0000
raw_recall: 0.7257
raw_f1: 0.8162
raw_brier: 0.1242
raw_ece: 0.3256
raw_topk: 0.9939
refined_accuracy: 1.0000
refined_precision: 1.0000
refined_recall: 1.0000
refined_f1: 1.0000
refined_brier: 0.0368
refined_ece: 0.1461
refined_topk: 1.0000
refined_ambiguous_ratio: 0.3449
refined_refinement_candidate_ratio: 0.4117
delta_accuracy: 0.0959
delta_precision: 0.0000
delta_recall: 0.2743
delta_f1: 0.1838
delta_brier: -0.0873
delta_ece: -0.1795
delta_topk: 0.0061
candidate_accuracy: 1.0000
candidate_precision: 1.0000
candidate_recall: 1.0000
candidate_f1: 1.0000
refinement_change_rate: 0.2343
refinement_corrected_rate: 1.0000
refinement_wrong_flip_rate: 0.0000
