device: cuda
samples: train=200 test=100
batch_size: 16 amp: True
epoch 0001 loss=0.6773
epoch 0020 loss=0.0038
epoch 0040 loss=0.0019
epoch 0060 loss=0.0016
epoch 0080 loss=0.0015
epoch 0100 loss=0.0010
test metrics:
raw_accuracy: 0.9996
raw_precision: 0.9998
raw_recall: 0.9994
raw_f1: 0.9996
raw_brier: 0.0003
raw_ece: 0.0005
raw_topk: 0.9997
refined_accuracy: 0.9999
refined_precision: 0.9999
refined_recall: 0.9999
refined_f1: 0.9999
refined_brier: 0.0001
refined_ece: 0.0001
refined_topk: 0.9999
refined_ambiguous_ratio: 0.0002
refined_refinement_candidate_ratio: 0.1015
delta_accuracy: 0.0003
delta_precision: 0.0002
delta_recall: 0.0005
delta_f1: 0.0003
delta_brier: -0.0002
delta_ece: -0.0003
delta_topk: 0.0002
candidate_accuracy: 0.9991
candidate_precision: 0.9994
candidate_recall: 0.9987
candidate_f1: 0.9990
refinement_change_rate: 0.0029
refinement_corrected_rate: 0.2200
refinement_wrong_flip_rate: 0.0100
