device: cuda
samples: train=10 test=5
batch_size: 16 amp: True
epoch 0001 loss=0.7113
epoch 0020 loss=0.4372
test metrics:
raw_accuracy: 0.7410
raw_precision: 1.0000
raw_recall: 0.1362
raw_f1: 0.1764
raw_brier: 0.1187
raw_ece: 0.3005
raw_topk: 0.9974
refined_accuracy: 1.0000
refined_precision: 1.0000
refined_recall: 1.0000
refined_f1: 1.0000
refined_brier: 0.0255
refined_ece: 0.1275
refined_topk: 1.0000
refined_ambiguous_ratio: 0.2820
refined_refinement_candidate_ratio: 0.3543
delta_accuracy: 0.2590
delta_precision: 0.0000
delta_recall: 0.8638
delta_f1: 0.8236
delta_brier: -0.0932
delta_ece: -0.1730
delta_topk: 0.0026
candidate_accuracy: 1.0000
candidate_precision: 1.0000
candidate_recall: 1.0000
candidate_f1: 1.0000
refinement_change_rate: 0.7371
refinement_corrected_rate: 1.0000
refinement_wrong_flip_rate: 0.0000
