device: cuda
samples: train=10 test=5
batch_size: 16 amp: True
epoch 0001 loss=0.6872
epoch 0020 loss=0.3455
test metrics:
raw_accuracy: 0.8605
raw_precision: 1.0000
raw_recall: 0.5349
raw_f1: 0.6742
raw_brier: 0.0919
raw_ece: 0.2447
raw_topk: 0.9948
refined_accuracy: 1.0000
refined_precision: 1.0000
refined_recall: 1.0000
refined_f1: 1.0000
refined_brier: 0.0115
refined_ece: 0.0845
refined_topk: 1.0000
refined_ambiguous_ratio: 0.2797
refined_refinement_candidate_ratio: 0.3521
delta_accuracy: 0.1395
delta_precision: 0.0000
delta_recall: 0.4651
delta_f1: 0.3258
delta_brier: -0.0804
delta_ece: -0.1602
delta_topk: 0.0052
candidate_accuracy: 1.0000
candidate_precision: 1.0000
candidate_recall: 1.0000
candidate_f1: 1.0000
refinement_change_rate: 0.4036
refinement_corrected_rate: 1.0000
refinement_wrong_flip_rate: 0.0000
