device: cuda
samples: train=10 test=5
batch_size: 16 amp: True
epoch 0001 loss=0.7273
epoch 0020 loss=0.4689
test metrics:
raw_accuracy: 0.9873
raw_precision: 0.9828
raw_recall: 0.9892
raw_f1: 0.9859
raw_brier: 0.1130
raw_ece: 0.3184
raw_topk: 0.9896
refined_accuracy: 0.9990
refined_precision: 0.9983
refined_recall: 0.9996
refined_f1: 0.9989
refined_brier: 0.0728
refined_ece: 0.2332
refined_topk: 0.9983
refined_ambiguous_ratio: 0.1420
refined_refinement_candidate_ratio: 0.2285
delta_accuracy: 0.0117
delta_precision: 0.0154
delta_recall: 0.0104
delta_f1: 0.0130
delta_brier: -0.0402
delta_ece: -0.0852
delta_topk: 0.0087
candidate_accuracy: 0.9995
candidate_precision: 1.0000
candidate_recall: 0.9992
candidate_f1: 0.9996
refinement_change_rate: 0.0528
refinement_corrected_rate: 0.9917
refinement_wrong_flip_rate: 0.0083
