device: cuda
samples: train=10 test=5
batch_size: 16 amp: True
epoch 0001 loss=0.6900
epoch 0020 loss=0.3529
test metrics:
raw_accuracy: 0.7998
raw_precision: 0.0000
raw_recall: 0.0000
raw_f1: 0.0000
raw_brier: 0.1007
raw_ece: 0.2295
raw_topk: 0.9980
refined_accuracy: 0.9139
refined_precision: 1.0000
refined_recall: 0.5698
refined_f1: 0.7184
refined_brier: 0.0535
refined_ece: 0.1564
refined_topk: 0.9980
refined_ambiguous_ratio: 0.0148
refined_refinement_candidate_ratio: 0.1141
delta_accuracy: 0.1141
delta_precision: 1.0000
delta_recall: 0.5698
delta_f1: 0.7184
delta_brier: -0.0471
delta_ece: -0.0732
delta_topk: 0.0000
candidate_accuracy: 1.0000
candidate_precision: 1.0000
candidate_recall: 1.0000
candidate_f1: 1.0000
refinement_change_rate: 1.0000
refinement_corrected_rate: 1.0000
refinement_wrong_flip_rate: 0.0000
