device: cuda
samples: train=10 test=5
batch_size: 16 amp: True
epoch 0001 loss=0.7191
epoch 0020 loss=0.3900
test metrics:
raw_accuracy: 0.9561
raw_precision: 1.0000
raw_recall: 0.8534
raw_f1: 0.9115
raw_brier: 0.0893
raw_ece: 0.2683
raw_topk: 0.9974
refined_accuracy: 1.0000
refined_precision: 1.0000
refined_recall: 1.0000
refined_f1: 1.0000
refined_brier: 0.0260
refined_ece: 0.1258
refined_topk: 1.0000
refined_ambiguous_ratio: 0.2711
refined_refinement_candidate_ratio: 0.3449
delta_accuracy: 0.0439
delta_precision: 0.0000
delta_recall: 0.1466
delta_f1: 0.0885
delta_brier: -0.0633
delta_ece: -0.1424
delta_topk: 0.0026
candidate_accuracy: 1.0000
candidate_precision: 1.0000
candidate_recall: 1.0000
candidate_f1: 1.0000
refinement_change_rate: 0.1201
refinement_corrected_rate: 0.8000
refinement_wrong_flip_rate: 0.0000
