device: cuda
samples: train=10 test=5
batch_size: 16 amp: True
epoch 0001 loss=0.7705
epoch 0020 loss=0.2775
test metrics:
raw_accuracy: 0.9004
raw_precision: 0.0000
raw_recall: 0.0000
raw_f1: 0.0000
raw_brier: 0.0837
raw_ece: 0.0560
raw_topk: 1.0000
refined_accuracy: 1.0000
refined_precision: 1.0000
refined_recall: 1.0000
refined_f1: 1.0000
refined_brier: 0.0018
refined_ece: 0.0403
refined_topk: 1.0000
refined_ambiguous_ratio: 0.0000
refined_refinement_candidate_ratio: 0.1006
delta_accuracy: 0.0996
delta_precision: 1.0000
delta_recall: 1.0000
delta_f1: 1.0000
delta_brier: -0.0819
delta_ece: -0.0156
delta_topk: 0.0000
candidate_accuracy: 1.0000
candidate_precision: 1.0000
candidate_recall: 1.0000
candidate_f1: 1.0000
refinement_change_rate: 0.9903
refinement_corrected_rate: 1.0000
refinement_wrong_flip_rate: 0.0000
