device: cuda
samples: train=10 test=5
batch_size: 16 amp: True
epoch 0001 loss=0.7471
epoch 0020 loss=0.3651
test metrics:
raw_accuracy: 0.7500
raw_precision: 0.0000
raw_recall: 0.0000
raw_f1: 0.0000
raw_brier: 0.0970
raw_ece: 0.2407
raw_topk: 1.0000
refined_accuracy: 0.9914
refined_precision: 1.0000
refined_recall: 0.9656
refined_f1: 0.9812
refined_brier: 0.0158
refined_ece: 0.0962
refined_topk: 1.0000
refined_ambiguous_ratio: 0.1900
refined_refinement_candidate_ratio: 0.2717
delta_accuracy: 0.2414
delta_precision: 1.0000
delta_recall: 0.9656
delta_f1: 0.9812
delta_brier: -0.0812
delta_ece: -0.1446
delta_topk: 0.0000
candidate_accuracy: 1.0000
candidate_precision: 1.0000
candidate_recall: 1.0000
candidate_f1: 1.0000
refinement_change_rate: 0.8986
refinement_corrected_rate: 1.0000
refinement_wrong_flip_rate: 0.0000
