device: cuda
samples: train=10 test=5
batch_size: 16 amp: True
epoch 0001 loss=0.7212
epoch 0020 loss=0.3691
test metrics:
raw_accuracy: 0.7650
raw_precision: 0.8000
raw_recall: 0.0602
raw_f1: 0.1083
raw_brier: 0.0919
raw_ece: 0.2459
raw_topk: 1.0000
refined_accuracy: 0.9998
refined_precision: 1.0000
refined_recall: 0.9992
refined_f1: 0.9996
refined_brier: 0.0142
refined_ece: 0.0973
refined_topk: 1.0000
refined_ambiguous_ratio: 0.2283
refined_refinement_candidate_ratio: 0.3059
delta_accuracy: 0.2348
delta_precision: 0.2000
delta_recall: 0.9391
delta_f1: 0.8913
delta_brier: -0.0776
delta_ece: -0.1487
delta_topk: 0.0000
candidate_accuracy: 0.9994
candidate_precision: 1.0000
candidate_recall: 0.9992
candidate_f1: 0.9996
refinement_change_rate: 0.7771
refinement_corrected_rate: 1.0000
refinement_wrong_flip_rate: 0.0000
