device: cuda
samples: train=10 test=5
batch_size: 16 amp: True
epoch 0001 loss=0.7113
epoch 0020 loss=0.4515
test metrics:
raw_accuracy: 0.9744
raw_precision: 0.9724
raw_recall: 0.9770
raw_f1: 0.9745
raw_brier: 0.1111
raw_ece: 0.2992
raw_topk: 0.9777
refined_accuracy: 0.9984
refined_precision: 0.9969
refined_recall: 1.0000
refined_f1: 0.9984
refined_brier: 0.0674
refined_ece: 0.2211
refined_topk: 0.9969
refined_ambiguous_ratio: 0.1537
refined_refinement_candidate_ratio: 0.2393
delta_accuracy: 0.0240
delta_precision: 0.0245
delta_recall: 0.0230
delta_f1: 0.0240
delta_brier: -0.0437
delta_ece: -0.0781
delta_topk: 0.0191
candidate_accuracy: 1.0000
candidate_precision: 1.0000
candidate_recall: 1.0000
candidate_f1: 1.0000
refinement_change_rate: 0.1008
refinement_corrected_rate: 1.0000
refinement_wrong_flip_rate: 0.0000
