device: cuda
samples: train=10 test=5
batch_size: 16 amp: True
epoch 0001 loss=0.6933
epoch 0020 loss=0.2882
test metrics:
raw_accuracy: 0.9785
raw_precision: 1.0000
raw_recall: 0.9141
raw_f1: 0.9473
raw_brier: 0.0569
raw_ece: 0.2030
raw_topk: 1.0000
refined_accuracy: 1.0000
refined_precision: 1.0000
refined_recall: 1.0000
refined_f1: 1.0000
refined_brier: 0.0307
refined_ece: 0.1382
refined_topk: 1.0000
refined_ambiguous_ratio: 0.0824
refined_refinement_candidate_ratio: 0.1752
delta_accuracy: 0.0215
delta_precision: 0.0000
delta_recall: 0.0859
delta_f1: 0.0527
delta_brier: -0.0262
delta_ece: -0.0647
delta_topk: 0.0000
candidate_accuracy: 1.0000
candidate_precision: 1.0000
candidate_recall: 1.0000
candidate_f1: 1.0000
refinement_change_rate: 0.0752
refinement_corrected_rate: 0.6000
refinement_wrong_flip_rate: 0.0000
