device: cuda
samples: train=10 test=5
batch_size: 16 amp: True
epoch 0001 loss=0.7266
epoch 0020 loss=0.4483
test metrics:
raw_accuracy: 0.9207
raw_precision: 0.9989
raw_recall: 0.7743
raw_f1: 0.8406
raw_brier: 0.1188
raw_ece: 0.3134
raw_topk: 0.9911
refined_accuracy: 1.0000
refined_precision: 1.0000
refined_recall: 1.0000
refined_f1: 1.0000
refined_brier: 0.0315
refined_ece: 0.1323
refined_topk: 1.0000
refined_ambiguous_ratio: 0.3592
refined_refinement_candidate_ratio: 0.4236
delta_accuracy: 0.0793
delta_precision: 0.0011
delta_recall: 0.2257
delta_f1: 0.1594
delta_brier: -0.0873
delta_ece: -0.1811
delta_topk: 0.0089
candidate_accuracy: 1.0000
candidate_precision: 1.0000
candidate_recall: 1.0000
candidate_f1: 1.0000
refinement_change_rate: 0.1927
refinement_corrected_rate: 1.0000
refinement_wrong_flip_rate: 0.0000
