device: cuda
samples: train=10 test=5
batch_size: 16 amp: True
epoch 0001 loss=0.7399
epoch 0020 loss=0.4884
test metrics:
raw_accuracy: 0.8830
raw_precision: 0.9995
raw_recall: 0.7083
raw_f1: 0.8047
raw_brier: 0.1328
raw_ece: 0.3404
raw_topk: 0.9937
refined_accuracy: 0.9998
refined_precision: 0.9995
refined_recall: 1.0000
refined_f1: 0.9998
refined_brier: 0.0349
refined_ece: 0.1359
refined_topk: 1.0000
refined_ambiguous_ratio: 0.4057
refined_refinement_candidate_ratio: 0.4654
delta_accuracy: 0.1168
delta_precision: 0.0000
delta_recall: 0.2917
delta_f1: 0.1951
delta_brier: -0.0979
delta_ece: -0.2044
delta_topk: 0.0063
candidate_accuracy: 0.9996
candidate_precision: 0.9995
candidate_recall: 1.0000
candidate_f1: 0.9998
refinement_change_rate: 0.2539
refinement_corrected_rate: 0.8000
refinement_wrong_flip_rate: 0.0000
