device: cuda
samples: train=10 test=5
batch_size: 16 amp: True
epoch 0001 loss=0.7315
epoch 0020 loss=0.4755
test metrics:
raw_accuracy: 0.9566
raw_precision: 0.9864
raw_recall: 0.9171
raw_f1: 0.9486
raw_brier: 0.1217
raw_ece: 0.3191
raw_topk: 0.9839
refined_accuracy: 0.9994
refined_precision: 0.9991
refined_recall: 0.9996
refined_f1: 0.9993
refined_brier: 0.0484
refined_ece: 0.1671
refined_topk: 0.9991
refined_ambiguous_ratio: 0.3088
refined_refinement_candidate_ratio: 0.3787
delta_accuracy: 0.0428
delta_precision: 0.0127
delta_recall: 0.0824
delta_f1: 0.0507
delta_brier: -0.0732
delta_ece: -0.1520
delta_topk: 0.0152
candidate_accuracy: 0.9990
candidate_precision: 0.9993
candidate_recall: 0.9995
candidate_f1: 0.9994
refinement_change_rate: 0.1021
refinement_corrected_rate: 0.9976
refinement_wrong_flip_rate: 0.0024
