device: cuda
samples: train=10 test=5
batch_size: 16 amp: True
epoch 0001 loss=0.7173
epoch 0020 loss=0.4662
test metrics:
raw_accuracy: 0.8730
raw_precision: 0.9987
raw_recall: 0.6380
raw_f1: 0.7229
raw_brier: 0.1241
raw_ece: 0.3213
raw_topk: 0.9950
refined_accuracy: 1.0000
refined_precision: 1.0000
refined_recall: 1.0000
refined_f1: 1.0000
refined_brier: 0.0314
refined_ece: 0.1340
refined_topk: 1.0000
refined_ambiguous_ratio: 0.3484
refined_refinement_candidate_ratio: 0.4143
delta_accuracy: 0.1270
delta_precision: 0.0013
delta_recall: 0.3620
delta_f1: 0.2771
delta_brier: -0.0926
delta_ece: -0.1873
delta_topk: 0.0050
candidate_accuracy: 1.0000
candidate_precision: 1.0000
candidate_recall: 1.0000
candidate_f1: 1.0000
refinement_change_rate: 0.3099
refinement_corrected_rate: 1.0000
refinement_wrong_flip_rate: 0.0000
