device: cuda
samples: train=200 test=100
batch_size: 16 amp: True
epoch 0001 loss=0.7027
epoch 0020 loss=0.0021
epoch 0040 loss=0.0010
epoch 0060 loss=0.0008
epoch 0080 loss=0.0006
epoch 0100 loss=0.0005
test metrics:
raw_accuracy: 0.9999
raw_precision: 0.9998
raw_recall: 0.9999
raw_f1: 0.9998
raw_brier: 0.0001
raw_ece: 0.0002
raw_topk: 1.0000
refined_accuracy: 1.0000
refined_precision: 0.9999
refined_recall: 1.0000
refined_f1: 1.0000
refined_brier: 0.0000
refined_ece: 0.0000
refined_topk: 1.0000
refined_ambiguous_ratio: 0.0001
refined_refinement_candidate_ratio: 0.1007
delta_accuracy: 0.0001
delta_precision: 0.0002
delta_recall: 0.0001
delta_f1: 0.0001
delta_brier: -0.0001
delta_ece: -0.0001
delta_topk: 0.0000
candidate_accuracy: 0.9997
candidate_precision: 0.9993
candidate_recall: 1.0000
candidate_f1: 0.9996
refinement_change_rate: 0.0010
refinement_corrected_rate: 0.1000
refinement_wrong_flip_rate: 0.0000
