device: cuda
samples: train=10 test=5
batch_size: 16 amp: True
epoch 0001 loss=0.7493
epoch 0020 loss=0.4831
test metrics:
raw_accuracy: 0.7500
raw_precision: 0.0000
raw_recall: 0.0000
raw_f1: 0.0000
raw_brier: 0.1405
raw_ece: 0.2978
raw_topk: 0.9969
refined_accuracy: 0.8506
refined_precision: 1.0000
refined_recall: 0.4023
refined_f1: 0.5738
refined_brier: 0.0987
refined_ece: 0.2330
refined_topk: 0.9969
refined_ambiguous_ratio: 0.0000
refined_refinement_candidate_ratio: 0.1006
delta_accuracy: 0.1006
delta_precision: 1.0000
delta_recall: 0.4023
delta_f1: 0.5738
delta_brier: -0.0418
delta_ece: -0.0648
delta_topk: 0.0000
candidate_accuracy: 1.0000
candidate_precision: 1.0000
candidate_recall: 1.0000
candidate_f1: 1.0000
refinement_change_rate: 1.0000
refinement_corrected_rate: 1.0000
refinement_wrong_flip_rate: 0.0000
