device: cuda
samples: train=10 test=5
batch_size: 16 amp: True
epoch 0001 loss=0.7178
epoch 0020 loss=0.4685
test metrics:
raw_accuracy: 0.8014
raw_precision: 1.0000
raw_recall: 0.4318
raw_f1: 0.5561
raw_brier: 0.1267
raw_ece: 0.3198
raw_topk: 0.9966
refined_accuracy: 0.9996
refined_precision: 1.0000
refined_recall: 0.9989
refined_f1: 0.9994
refined_brier: 0.0294
refined_ece: 0.1302
refined_topk: 1.0000
refined_ambiguous_ratio: 0.3434
refined_refinement_candidate_ratio: 0.4094
delta_accuracy: 0.1982
delta_precision: 0.0000
delta_recall: 0.5670
delta_f1: 0.4434
delta_brier: -0.0973
delta_ece: -0.1896
delta_topk: 0.0034
candidate_accuracy: 0.9990
candidate_precision: 1.0000
candidate_recall: 0.9989
candidate_f1: 0.9994
refinement_change_rate: 0.4873
refinement_corrected_rate: 1.0000
refinement_wrong_flip_rate: 0.0000
