device: cuda
samples: train=10 test=5
batch_size: 16 amp: True
epoch 0001 loss=0.7158
epoch 0020 loss=0.4521
test metrics:
raw_accuracy: 0.9742
raw_precision: 0.9551
raw_recall: 0.9977
raw_f1: 0.9754
raw_brier: 0.1093
raw_ece: 0.3122
raw_topk: 0.9891
refined_accuracy: 0.9990
refined_precision: 0.9981
refined_recall: 1.0000
refined_f1: 0.9990
refined_brier: 0.0685
refined_ece: 0.2278
refined_topk: 0.9984
refined_ambiguous_ratio: 0.1365
refined_refinement_candidate_ratio: 0.2236
delta_accuracy: 0.0248
delta_precision: 0.0429
delta_recall: 0.0023
delta_f1: 0.0237
delta_brier: -0.0407
delta_ece: -0.0844
delta_topk: 0.0094
candidate_accuracy: 0.9985
candidate_precision: 0.9920
candidate_recall: 1.0000
candidate_f1: 0.9959
refinement_change_rate: 0.1080
refinement_corrected_rate: 0.9972
refinement_wrong_flip_rate: 0.0028
