device: cuda
samples: train=200 test=100
batch_size: 16 amp: True
epoch 0001 loss=0.6589
epoch 0020 loss=0.0040
epoch 0040 loss=0.0021
epoch 0060 loss=0.0017
epoch 0080 loss=0.0015
epoch 0100 loss=0.0014
test metrics:
raw_accuracy: 0.9996
raw_precision: 0.9999
raw_recall: 0.9992
raw_f1: 0.9996
raw_brier: 0.0003
raw_ece: 0.0005
raw_topk: 0.9997
refined_accuracy: 0.9999
refined_precision: 0.9999
refined_recall: 0.9998
refined_f1: 0.9999
refined_brier: 0.0001
refined_ece: 0.0001
refined_topk: 1.0000
refined_ambiguous_ratio: 0.0001
refined_refinement_candidate_ratio: 0.1013
delta_accuracy: 0.0003
delta_precision: 0.0000
delta_recall: 0.0006
delta_f1: 0.0003
delta_brier: -0.0002
delta_ece: -0.0004
delta_topk: 0.0002
candidate_accuracy: 0.9988
candidate_precision: 0.9992
candidate_recall: 0.9983
candidate_f1: 0.9987
refinement_change_rate: 0.0032
refinement_corrected_rate: 0.2700
refinement_wrong_flip_rate: 0.0100
