device: cuda
samples: train=10 test=5
batch_size: 16 amp: True
epoch 0001 loss=0.7423
epoch 0020 loss=0.2368
test metrics:
raw_accuracy: 0.9004
raw_precision: 0.0000
raw_recall: 0.0000
raw_f1: 0.0000
raw_brier: 0.0704
raw_ece: 0.1293
raw_topk: 0.9980
refined_accuracy: 0.9998
refined_precision: 1.0000
refined_recall: 0.9980
refined_f1: 0.9990
refined_brier: 0.0029
refined_ece: 0.0488
refined_topk: 1.0000
refined_ambiguous_ratio: 0.0000
refined_refinement_candidate_ratio: 0.1006
delta_accuracy: 0.0994
delta_precision: 1.0000
delta_recall: 0.9980
delta_f1: 0.9990
delta_brier: -0.0674
delta_ece: -0.0805
delta_topk: 0.0020
candidate_accuracy: 1.0000
candidate_precision: 1.0000
candidate_recall: 1.0000
candidate_f1: 1.0000
refinement_change_rate: 0.9883
refinement_corrected_rate: 1.0000
refinement_wrong_flip_rate: 0.0000
