device: cuda
samples: train=10 test=5
batch_size: 16 amp: True
epoch 0001 loss=0.7164
epoch 0020 loss=0.4355
test metrics:
raw_accuracy: 0.9906
raw_precision: 0.9951
raw_recall: 0.9815
raw_f1: 0.9880
raw_brier: 0.0979
raw_ece: 0.2988
raw_topk: 0.9937
refined_accuracy: 0.9996
refined_precision: 0.9995
refined_recall: 0.9995
refined_f1: 0.9995
refined_brier: 0.0646
refined_ece: 0.2236
refined_topk: 0.9995
refined_ambiguous_ratio: 0.1061
refined_refinement_candidate_ratio: 0.1963
delta_accuracy: 0.0090
delta_precision: 0.0044
delta_recall: 0.0180
delta_f1: 0.0116
delta_brier: -0.0333
delta_ece: -0.0753
delta_topk: 0.0059
candidate_accuracy: 0.9988
candidate_precision: 0.9993
candidate_recall: 0.9993
candidate_f1: 0.9993
refinement_change_rate: 0.0365
refinement_corrected_rate: 0.9941
refinement_wrong_flip_rate: 0.0059
