device: cuda
samples: train=10 test=5
batch_size: 16 amp: True
epoch 0001 loss=0.6937
epoch 0020 loss=0.4163
test metrics:
raw_accuracy: 0.8227
raw_precision: 1.0000
raw_recall: 0.4085
raw_f1: 0.5298
raw_brier: 0.1078
raw_ece: 0.2879
raw_topk: 0.9987
refined_accuracy: 1.0000
refined_precision: 1.0000
refined_recall: 1.0000
refined_f1: 1.0000
refined_brier: 0.0225
refined_ece: 0.1181
refined_topk: 1.0000
refined_ambiguous_ratio: 0.2941
refined_refinement_candidate_ratio: 0.3650
delta_accuracy: 0.1773
delta_precision: 0.0000
delta_recall: 0.5915
delta_f1: 0.4702
delta_brier: -0.0852
delta_ece: -0.1698
delta_topk: 0.0013
candidate_accuracy: 1.0000
candidate_precision: 1.0000
candidate_recall: 1.0000
candidate_f1: 1.0000
refinement_change_rate: 0.4895
refinement_corrected_rate: 1.0000
refinement_wrong_flip_rate: 0.0000
