device: cuda
samples: train=10 test=5
batch_size: 16 amp: True
epoch 0001 loss=0.7157
epoch 0020 loss=0.3849
test metrics:
raw_accuracy: 0.9547
raw_precision: 0.9747
raw_recall: 0.9258
raw_f1: 0.9473
raw_brier: 0.0925
raw_ece: 0.2692
raw_topk: 0.9861
refined_accuracy: 0.9996
refined_precision: 0.9991
refined_recall: 1.0000
refined_f1: 0.9996
refined_brier: 0.0439
refined_ece: 0.1731
refined_topk: 0.9991
refined_ambiguous_ratio: 0.1676
refined_refinement_candidate_ratio: 0.2520
delta_accuracy: 0.0449
delta_precision: 0.0244
delta_recall: 0.0742
delta_f1: 0.0523
delta_brier: -0.0485
delta_ece: -0.0961
delta_topk: 0.0130
candidate_accuracy: 1.0000
candidate_precision: 1.0000
candidate_recall: 1.0000
candidate_f1: 1.0000
refinement_change_rate: 0.1707
refinement_corrected_rate: 1.0000
refinement_wrong_flip_rate: 0.0000
