device: cuda
samples: train=10 test=5
batch_size: 16 amp: True
epoch 0001 loss=0.7288
epoch 0020 loss=0.5133
test metrics:
raw_accuracy: 0.9529
raw_precision: 0.9404
raw_recall: 0.9699
raw_f1: 0.9533
raw_brier: 0.1443
raw_ece: 0.3431
raw_topk: 0.9754
refined_accuracy: 0.9938
refined_precision: 0.9919
refined_recall: 0.9957
refined_f1: 0.9938
refined_brier: 0.0718
refined_ece: 0.2060
refined_topk: 0.9938
refined_ambiguous_ratio: 0.3141
refined_refinement_candidate_ratio: 0.3836
delta_accuracy: 0.0408
delta_precision: 0.0515
delta_recall: 0.0258
delta_f1: 0.0404
delta_brier: -0.0725
delta_ece: -0.1371
delta_topk: 0.0184
candidate_accuracy: 0.9869
candidate_precision: 0.9741
candidate_recall: 0.9910
candidate_f1: 0.9823
refinement_change_rate: 0.1296
refinement_corrected_rate: 0.8880
refinement_wrong_flip_rate: 0.1120
