device: cpu
samples: train=120 test=60
epoch 0001 loss=0.1506
epoch 0020 loss=0.0000
epoch 0040 loss=0.0000
epoch 0060 loss=0.0000
epoch 0080 loss=0.0000
test metrics:
raw_accuracy: 0.9997
raw_precision: 1.0000
raw_recall: 0.9987
raw_f1: 0.9993
raw_brier: 0.0003
raw_ece: 0.0003
raw_topk: 1.0000
refined_accuracy: 1.0000
refined_precision: 1.0000
refined_recall: 1.0000
refined_f1: 1.0000
refined_brier: 0.0000
refined_ece: 0.0000
refined_topk: 1.0000
refined_ambiguous_ratio: 0.0000
refined_refinement_candidate_ratio: 0.1250
delta_accuracy: 0.0003
delta_precision: 0.0000
delta_recall: 0.0013
delta_f1: 0.0007
delta_brier: -0.0003
delta_ece: -0.0003
delta_topk: 0.0000
candidate_accuracy: 1.0000
candidate_precision: 1.0000
candidate_recall: 1.0000
candidate_f1: 1.0000
refinement_change_rate: 0.0021
refinement_corrected_rate: 0.0167
refinement_wrong_flip_rate: 0.0000
