device: cuda
samples: train=10 test=5
batch_size: 16 amp: True
epoch 0001 loss=0.7125
epoch 0020 loss=0.4104
test metrics:
raw_accuracy: 0.8669
raw_precision: 1.0000
raw_recall: 0.5574
raw_f1: 0.5910
raw_brier: 0.1061
raw_ece: 0.2894
raw_topk: 0.9989
refined_accuracy: 1.0000
refined_precision: 1.0000
refined_recall: 1.0000
refined_f1: 1.0000
refined_brier: 0.0239
refined_ece: 0.1231
refined_topk: 1.0000
refined_ambiguous_ratio: 0.2845
refined_refinement_candidate_ratio: 0.3565
delta_accuracy: 0.1331
delta_precision: 0.0000
delta_recall: 0.4426
delta_f1: 0.4090
delta_brier: -0.0822
delta_ece: -0.1663
delta_topk: 0.0011
candidate_accuracy: 1.0000
candidate_precision: 1.0000
candidate_recall: 1.0000
candidate_f1: 1.0000
refinement_change_rate: 0.3951
refinement_corrected_rate: 1.0000
refinement_wrong_flip_rate: 0.0000
