device: cuda
samples: train=10 test=5
batch_size: 16 amp: True
epoch 0001 loss=0.6862
epoch 0020 loss=0.3127
test metrics:
raw_accuracy: 0.9806
raw_precision: 1.0000
raw_recall: 0.9354
raw_f1: 0.9639
raw_brier: 0.0644
raw_ece: 0.2195
raw_topk: 1.0000
refined_accuracy: 1.0000
refined_precision: 1.0000
refined_recall: 1.0000
refined_f1: 1.0000
refined_brier: 0.0326
refined_ece: 0.1423
refined_topk: 1.0000
refined_ambiguous_ratio: 0.1083
refined_refinement_candidate_ratio: 0.2028
delta_accuracy: 0.0194
delta_precision: 0.0000
delta_recall: 0.0646
delta_f1: 0.0361
delta_brier: -0.0319
delta_ece: -0.0772
delta_topk: 0.0000
candidate_accuracy: 1.0000
candidate_precision: 1.0000
candidate_recall: 1.0000
candidate_f1: 1.0000
refinement_change_rate: 0.0656
refinement_corrected_rate: 0.4000
refinement_wrong_flip_rate: 0.0000
