device: cuda
samples: train=10 test=5
batch_size: 16 amp: True
epoch 0001 loss=0.7084
epoch 0020 loss=0.4431
test metrics:
raw_accuracy: 0.7519
raw_precision: 0.6000
raw_recall: 0.1754
raw_f1: 0.2034
raw_brier: 0.1198
raw_ece: 0.3061
raw_topk: 1.0000
refined_accuracy: 1.0000
refined_precision: 1.0000
refined_recall: 1.0000
refined_f1: 1.0000
refined_brier: 0.0265
refined_ece: 0.1296
refined_topk: 1.0000
refined_ambiguous_ratio: 0.2787
refined_refinement_candidate_ratio: 0.3537
delta_accuracy: 0.2481
delta_precision: 0.4000
delta_recall: 0.8246
delta_f1: 0.7966
delta_brier: -0.0934
delta_ece: -0.1765
delta_topk: 0.0000
candidate_accuracy: 1.0000
candidate_precision: 1.0000
candidate_recall: 1.0000
candidate_f1: 1.0000
refinement_change_rate: 0.7121
refinement_corrected_rate: 1.0000
refinement_wrong_flip_rate: 0.0000
