device: cuda
samples: train=10 test=5
batch_size: 16 amp: True
epoch 0001 loss=0.7068
epoch 0020 loss=0.4341
test metrics:
raw_accuracy: 0.7750
raw_precision: 1.0000
raw_recall: 0.2421
raw_f1: 0.3155
raw_brier: 0.1163
raw_ece: 0.2867
raw_topk: 0.9789
refined_accuracy: 0.9938
refined_precision: 1.0000
refined_recall: 0.9789
refined_f1: 0.9892
refined_brier: 0.0300
refined_ece: 0.1315
refined_topk: 1.0000
refined_ambiguous_ratio: 0.2969
refined_refinement_candidate_ratio: 0.3750
delta_accuracy: 0.2188
delta_precision: 0.0000
delta_recall: 0.7368
delta_f1: 0.6737
delta_brier: -0.0863
delta_ece: -0.1552
delta_topk: 0.0211
candidate_accuracy: 0.9833
candidate_precision: 1.0000
candidate_recall: 0.9789
candidate_f1: 0.9892
refinement_change_rate: 0.5958
refinement_corrected_rate: 1.0000
refinement_wrong_flip_rate: 0.0000
