device: cuda
samples: train=10 test=5
batch_size: 16 amp: True
epoch 0001 loss=0.7193
epoch 0020 loss=0.4595
test metrics:
raw_accuracy: 0.6992
raw_precision: 0.0000
raw_recall: 0.0000
raw_f1: 0.0000
raw_brier: 0.1298
raw_ece: 0.3141
raw_topk: 1.0000
refined_accuracy: 0.9725
refined_precision: 1.0000
refined_recall: 0.9085
refined_f1: 0.9462
refined_brier: 0.0392
refined_ece: 0.1540
refined_topk: 1.0000
refined_ambiguous_ratio: 0.2096
refined_refinement_candidate_ratio: 0.2890
delta_accuracy: 0.2733
delta_precision: 1.0000
delta_recall: 0.9085
delta_f1: 0.9462
delta_brier: -0.0906
delta_ece: -0.1601
delta_topk: 0.0000
candidate_accuracy: 1.0000
candidate_precision: 1.0000
candidate_recall: 1.0000
candidate_f1: 1.0000
refinement_change_rate: 0.9569
refinement_corrected_rate: 1.0000
refinement_wrong_flip_rate: 0.0000
