device: cuda
samples: train=10 test=5
batch_size: 16 amp: True
epoch 0001 loss=0.7093
epoch 0020 loss=0.3028
test metrics:
raw_accuracy: 0.9722
raw_precision: 1.0000
raw_recall: 0.9077
raw_f1: 0.9470
raw_brier: 0.0638
raw_ece: 0.2159
raw_topk: 1.0000
refined_accuracy: 1.0000
refined_precision: 1.0000
refined_recall: 1.0000
refined_f1: 1.0000
refined_brier: 0.0306
refined_ece: 0.1361
refined_topk: 1.0000
refined_ambiguous_ratio: 0.1167
refined_refinement_candidate_ratio: 0.2120
delta_accuracy: 0.0278
delta_precision: 0.0000
delta_recall: 0.0923
delta_f1: 0.0530
delta_brier: -0.0332
delta_ece: -0.0798
delta_topk: 0.0000
candidate_accuracy: 1.0000
candidate_precision: 1.0000
candidate_recall: 1.0000
candidate_f1: 1.0000
refinement_change_rate: 0.0778
refinement_corrected_rate: 0.4000
refinement_wrong_flip_rate: 0.0000
