device: cuda
samples: train=10 test=5
batch_size: 16 amp: True
epoch 0001 loss=0.7389
epoch 0020 loss=0.4483
test metrics:
raw_accuracy: 0.8406
raw_precision: 1.0000
raw_recall: 0.4632
raw_f1: 0.5509
raw_brier: 0.1167
raw_ece: 0.3038
raw_topk: 0.9789
refined_accuracy: 0.9906
refined_precision: 0.9895
refined_recall: 0.9789
refined_f1: 0.9841
refined_brier: 0.0386
refined_ece: 0.1479
refined_topk: 0.9789
refined_ambiguous_ratio: 0.2625
refined_refinement_candidate_ratio: 0.3438
delta_accuracy: 0.1500
delta_precision: -0.0105
delta_recall: 0.5158
delta_f1: 0.4332
delta_brier: -0.0781
delta_ece: -0.1559
delta_topk: 0.0000
candidate_accuracy: 0.9895
candidate_precision: 0.9895
candidate_recall: 1.0000
candidate_f1: 0.9946
refinement_change_rate: 0.4912
refinement_corrected_rate: 0.7889
refinement_wrong_flip_rate: 0.0111
