device: cuda
samples: train=200 test=100
batch_size: 16 amp: True
epoch 0001 loss=0.6485
epoch 0020 loss=0.0045
epoch 0040 loss=0.0030
epoch 0060 loss=0.0024
epoch 0080 loss=0.0009
epoch 0100 loss=0.0008
test metrics:
raw_accuracy: 0.9995
raw_precision: 0.9990
raw_recall: 0.9995
raw_f1: 0.9992
raw_brier: 0.0005
raw_ece: 0.0009
raw_topk: 1.0000
refined_accuracy: 1.0000
refined_precision: 1.0000
refined_recall: 1.0000
refined_f1: 1.0000
refined_brier: 0.0000
refined_ece: 0.0002
refined_topk: 1.0000
refined_ambiguous_ratio: 0.0002
refined_refinement_candidate_ratio: 0.1097
delta_accuracy: 0.0005
delta_precision: 0.0010
delta_recall: 0.0005
delta_f1: 0.0008
delta_brier: -0.0004
delta_ece: -0.0007
delta_topk: 0.0000
candidate_accuracy: 1.0000
candidate_precision: 1.0000
candidate_recall: 1.0000
candidate_f1: 1.0000
refinement_change_rate: 0.0039
refinement_corrected_rate: 0.0200
refinement_wrong_flip_rate: 0.0000
