device: cuda
samples: train=10 test=5
batch_size: 16 amp: True
epoch 0001 loss=0.7300
epoch 0020 loss=0.4482
test metrics:
raw_accuracy: 0.7141
raw_precision: 0.8000
raw_recall: 0.0494
raw_f1: 0.0889
raw_brier: 0.1183
raw_ece: 0.2968
raw_topk: 1.0000
refined_accuracy: 0.9852
refined_precision: 1.0000
refined_recall: 0.9506
refined_f1: 0.9719
refined_brier: 0.0282
refined_ece: 0.1276
refined_topk: 1.0000
refined_ambiguous_ratio: 0.2602
refined_refinement_candidate_ratio: 0.3359
delta_accuracy: 0.2711
delta_precision: 0.2000
delta_recall: 0.9013
delta_f1: 0.8829
delta_brier: -0.0902
delta_ece: -0.1692
delta_topk: 0.0000
candidate_accuracy: 1.0000
candidate_precision: 1.0000
candidate_recall: 1.0000
candidate_f1: 1.0000
refinement_change_rate: 0.8228
refinement_corrected_rate: 1.0000
refinement_wrong_flip_rate: 0.0000
