device: cuda
samples: train=10 test=5
batch_size: 16 amp: True
epoch 0001 loss=0.6911
epoch 0020 loss=0.4414
test metrics:
raw_accuracy: 0.8137
raw_precision: 1.0000
raw_recall: 0.3785
raw_f1: 0.4214
raw_brier: 0.1190
raw_ece: 0.3023
raw_topk: 0.9954
refined_accuracy: 0.9762
refined_precision: 1.0000
refined_recall: 0.9205
refined_f1: 0.9539
refined_brier: 0.0373
refined_ece: 0.1457
refined_topk: 0.9967
refined_ambiguous_ratio: 0.2373
refined_refinement_candidate_ratio: 0.3141
delta_accuracy: 0.1625
delta_precision: 0.0000
delta_recall: 0.5420
delta_f1: 0.5325
delta_brier: -0.0817
delta_ece: -0.1566
delta_topk: 0.0013
candidate_accuracy: 1.0000
candidate_precision: 1.0000
candidate_recall: 1.0000
candidate_f1: 1.0000
refinement_change_rate: 0.5875
refinement_corrected_rate: 1.0000
refinement_wrong_flip_rate: 0.0000
