device: cuda
samples: train=10 test=5
batch_size: 16 amp: True
epoch 0001 loss=0.7118
epoch 0020 loss=0.3650
test metrics:
raw_accuracy: 0.9471
raw_precision: 1.0000
raw_recall: 0.8235
raw_f1: 0.9002
raw_brier: 0.0853
raw_ece: 0.2520
raw_topk: 0.9941
refined_accuracy: 1.0000
refined_precision: 1.0000
refined_recall: 1.0000
refined_f1: 1.0000
refined_brier: 0.0209
refined_ece: 0.1106
refined_topk: 1.0000
refined_ambiguous_ratio: 0.2678
refined_refinement_candidate_ratio: 0.3418
delta_accuracy: 0.0529
delta_precision: 0.0000
delta_recall: 0.1765
delta_f1: 0.0998
delta_brier: -0.0644
delta_ece: -0.1414
delta_topk: 0.0059
candidate_accuracy: 1.0000
candidate_precision: 1.0000
candidate_recall: 1.0000
candidate_f1: 1.0000
refinement_change_rate: 0.1534
refinement_corrected_rate: 1.0000
refinement_wrong_flip_rate: 0.0000
