device: cuda
samples: train=10 test=5
batch_size: 16 amp: True
epoch 0001 loss=0.7049
epoch 0020 loss=0.3692
test metrics:
raw_accuracy: 0.9508
raw_precision: 0.9994
raw_recall: 0.8365
raw_f1: 0.8848
raw_brier: 0.0825
raw_ece: 0.2562
raw_topk: 0.9980
refined_accuracy: 0.9998
refined_precision: 1.0000
refined_recall: 0.9993
refined_f1: 0.9997
refined_brier: 0.0312
refined_ece: 0.1411
refined_topk: 1.0000
refined_ambiguous_ratio: 0.1959
refined_refinement_candidate_ratio: 0.2771
delta_accuracy: 0.0490
delta_precision: 0.0006
delta_recall: 0.1629
delta_f1: 0.1149
delta_brier: -0.0513
delta_ece: -0.1151
delta_topk: 0.0020
candidate_accuracy: 0.9994
candidate_precision: 1.0000
candidate_recall: 0.9992
candidate_f1: 0.9996
refinement_change_rate: 0.1451
refinement_corrected_rate: 0.9846
refinement_wrong_flip_rate: 0.0154
