device: cuda
samples: train=10 test=5
batch_size: 16 amp: True
epoch 0001 loss=0.6997
epoch 0020 loss=0.4297
test metrics:
raw_accuracy: 0.7836
raw_precision: 1.0000
raw_recall: 0.2805
raw_f1: 0.3420
raw_brier: 0.1141
raw_ece: 0.2916
raw_topk: 0.9974
refined_accuracy: 1.0000
refined_precision: 1.0000
refined_recall: 1.0000
refined_f1: 1.0000
refined_brier: 0.0224
refined_ece: 0.1197
refined_topk: 1.0000
refined_ambiguous_ratio: 0.2664
refined_refinement_candidate_ratio: 0.3406
delta_accuracy: 0.2164
delta_precision: 0.0000
delta_recall: 0.7195
delta_f1: 0.6580
delta_brier: -0.0917
delta_ece: -0.1719
delta_topk: 0.0026
candidate_accuracy: 1.0000
candidate_precision: 1.0000
candidate_recall: 1.0000
candidate_f1: 1.0000
refinement_change_rate: 0.6601
refinement_corrected_rate: 1.0000
refinement_wrong_flip_rate: 0.0000
