device: cuda
samples: train=10 test=5
batch_size: 16 amp: True
epoch 0001 loss=0.6935
epoch 0020 loss=0.3472
test metrics:
raw_accuracy: 0.8969
raw_precision: 1.0000
raw_recall: 0.6526
raw_f1: 0.7735
raw_brier: 0.0870
raw_ece: 0.2444
raw_topk: 0.9895
refined_accuracy: 1.0000
refined_precision: 1.0000
refined_recall: 1.0000
refined_f1: 1.0000
refined_brier: 0.0196
refined_ece: 0.1055
refined_topk: 1.0000
refined_ambiguous_ratio: 0.2437
refined_refinement_candidate_ratio: 0.3312
delta_accuracy: 0.1031
delta_precision: 0.0000
delta_recall: 0.3474
delta_f1: 0.2265
delta_brier: -0.0674
delta_ece: -0.1389
delta_topk: 0.0105
candidate_accuracy: 1.0000
candidate_precision: 1.0000
candidate_recall: 1.0000
candidate_f1: 1.0000
refinement_change_rate: 0.2815
refinement_corrected_rate: 0.8000
refinement_wrong_flip_rate: 0.0000
