device: cuda
samples: train=10 test=5
batch_size: 16 amp: True
epoch 0001 loss=0.8055
epoch 0020 loss=0.4729
test metrics:
raw_accuracy: 0.8605
raw_precision: 1.0000
raw_recall: 0.5362
raw_f1: 0.6379
raw_brier: 0.1274
raw_ece: 0.3322
raw_topk: 0.9968
refined_accuracy: 0.9997
refined_precision: 1.0000
refined_recall: 0.9989
refined_f1: 0.9995
refined_brier: 0.0442
refined_ece: 0.1666
refined_topk: 1.0000
refined_ambiguous_ratio: 0.2992
refined_refinement_candidate_ratio: 0.3699
delta_accuracy: 0.1392
delta_precision: 0.0000
delta_recall: 0.4628
delta_f1: 0.3616
delta_brier: -0.0832
delta_ece: -0.1656
delta_topk: 0.0032
candidate_accuracy: 0.9991
candidate_precision: 1.0000
candidate_recall: 0.9989
candidate_f1: 0.9995
refinement_change_rate: 0.3807
refinement_corrected_rate: 1.0000
refinement_wrong_flip_rate: 0.0000
