device: cuda
samples: train=10 test=5
batch_size: 16 amp: True
epoch 0001 loss=0.7273
epoch 0020 loss=0.4423
test metrics:
raw_accuracy: 0.7031
raw_precision: 0.0000
raw_recall: 0.0000
raw_f1: 0.0000
raw_brier: 0.1276
raw_ece: 0.2448
raw_topk: 0.9579
refined_accuracy: 0.9781
refined_precision: 1.0000
refined_recall: 0.9263
refined_f1: 0.9609
refined_brier: 0.0331
refined_ece: 0.1075
refined_topk: 0.9579
refined_ambiguous_ratio: 0.2062
refined_refinement_candidate_ratio: 0.2906
delta_accuracy: 0.2750
delta_precision: 1.0000
delta_recall: 0.9263
delta_f1: 0.9609
delta_brier: -0.0946
delta_ece: -0.1372
delta_topk: 0.0000
candidate_accuracy: 1.0000
candidate_precision: 1.0000
candidate_recall: 1.0000
candidate_f1: 1.0000
refinement_change_rate: 0.9481
refinement_corrected_rate: 1.0000
refinement_wrong_flip_rate: 0.0000
