device: cuda
samples: train=10 test=5
batch_size: 16 amp: True
epoch 0001 loss=0.7232
epoch 0020 loss=0.4292
test metrics:
raw_accuracy: 0.8160
raw_precision: 1.0000
raw_recall: 0.3883
raw_f1: 0.5386
raw_brier: 0.1109
raw_ece: 0.2946
raw_topk: 0.9968
refined_accuracy: 0.9997
refined_precision: 1.0000
refined_recall: 0.9989
refined_f1: 0.9995
refined_brier: 0.0254
refined_ece: 0.1235
refined_topk: 1.0000
refined_ambiguous_ratio: 0.3053
refined_refinement_candidate_ratio: 0.3754
delta_accuracy: 0.1837
delta_precision: 0.0000
delta_recall: 0.6106
delta_f1: 0.4609
delta_brier: -0.0855
delta_ece: -0.1710
delta_topk: 0.0032
candidate_accuracy: 0.9991
candidate_precision: 1.0000
candidate_recall: 0.9989
candidate_f1: 0.9995
refinement_change_rate: 0.4910
refinement_corrected_rate: 1.0000
refinement_wrong_flip_rate: 0.0000
