device: cuda
samples: train=10 test=5
batch_size: 16 amp: True
epoch 0001 loss=0.7028
epoch 0020 loss=0.3973
test metrics:
raw_accuracy: 0.8528
raw_precision: 1.0000
raw_recall: 0.5108
raw_f1: 0.6557
raw_brier: 0.0997
raw_ece: 0.2583
raw_topk: 0.9846
refined_accuracy: 1.0000
refined_precision: 1.0000
refined_recall: 1.0000
refined_f1: 1.0000
refined_brier: 0.0164
refined_ece: 0.0997
refined_topk: 1.0000
refined_ambiguous_ratio: 0.2833
refined_refinement_candidate_ratio: 0.3574
delta_accuracy: 0.1472
delta_precision: 0.0000
delta_recall: 0.4892
delta_f1: 0.3443
delta_brier: -0.0833
delta_ece: -0.1586
delta_topk: 0.0154
candidate_accuracy: 1.0000
candidate_precision: 1.0000
candidate_recall: 1.0000
candidate_f1: 1.0000
refinement_change_rate: 0.4176
refinement_corrected_rate: 1.0000
refinement_wrong_flip_rate: 0.0000
