device: cuda
samples: train=10 test=5
batch_size: 16 amp: True
epoch 0001 loss=0.6902
epoch 0020 loss=0.3086
test metrics:
raw_accuracy: 0.9657
raw_precision: 0.9823
raw_recall: 0.9046
raw_f1: 0.9376
raw_brier: 0.0667
raw_ece: 0.1988
raw_topk: 0.9723
refined_accuracy: 1.0000
refined_precision: 1.0000
refined_recall: 1.0000
refined_f1: 1.0000
refined_brier: 0.0314
refined_ece: 0.1361
refined_topk: 1.0000
refined_ambiguous_ratio: 0.1046
refined_refinement_candidate_ratio: 0.1981
delta_accuracy: 0.0343
delta_precision: 0.0177
delta_recall: 0.0954
delta_f1: 0.0624
delta_brier: -0.0353
delta_ece: -0.0627
delta_topk: 0.0277
candidate_accuracy: 1.0000
candidate_precision: 1.0000
candidate_recall: 1.0000
candidate_f1: 1.0000
refinement_change_rate: 0.1480
refinement_corrected_rate: 1.0000
refinement_wrong_flip_rate: 0.0000
