device: cuda
samples: train=10 test=5
batch_size: 16 amp: True
epoch 0001 loss=0.7343
epoch 0020 loss=0.3706
test metrics:
raw_accuracy: 0.9219
raw_precision: 0.9727
raw_recall: 0.7684
raw_f1: 0.8361
raw_brier: 0.0873
raw_ece: 0.2200
raw_topk: 0.9263
refined_accuracy: 0.9938
refined_precision: 0.9810
refined_recall: 1.0000
refined_f1: 0.9900
refined_brier: 0.0347
refined_ece: 0.1343
refined_topk: 0.9789
refined_ambiguous_ratio: 0.1562
refined_refinement_candidate_ratio: 0.2531
delta_accuracy: 0.0719
delta_precision: 0.0082
delta_recall: 0.2316
delta_f1: 0.1539
delta_brier: -0.0525
delta_ece: -0.0857
delta_topk: 0.0526
candidate_accuracy: 1.0000
candidate_precision: 1.0000
candidate_recall: 1.0000
candidate_f1: 1.0000
refinement_change_rate: 0.2510
refinement_corrected_rate: 0.8000
refinement_wrong_flip_rate: 0.0000
