device: cuda
samples: train=10 test=5
batch_size: 16 amp: True
epoch 0001 loss=0.6975
epoch 0020 loss=0.5135
test metrics:
raw_accuracy: 0.7031
raw_precision: 0.0000
raw_recall: 0.0000
raw_f1: 0.0000
raw_brier: 0.1533
raw_ece: 0.3163
raw_topk: 0.9684
refined_accuracy: 0.8219
refined_precision: 1.0000
refined_recall: 0.4000
refined_f1: 0.5687
refined_brier: 0.1080
refined_ece: 0.2430
refined_topk: 0.9684
refined_ambiguous_ratio: 0.0094
refined_refinement_candidate_ratio: 0.1187
delta_accuracy: 0.1188
delta_precision: 1.0000
delta_recall: 0.4000
delta_f1: 0.5687
delta_brier: -0.0453
delta_ece: -0.0733
delta_topk: 0.0000
candidate_accuracy: 1.0000
candidate_precision: 1.0000
candidate_recall: 1.0000
candidate_f1: 1.0000
refinement_change_rate: 1.0000
refinement_corrected_rate: 1.0000
refinement_wrong_flip_rate: 0.0000
