device: cuda
samples: train=10 test=5
batch_size: 16 amp: True
epoch 0001 loss=0.6914
epoch 0020 loss=0.3591
test metrics:
raw_accuracy: 0.9750
raw_precision: 1.0000
raw_recall: 0.9158
raw_f1: 0.9542
raw_brier: 0.0786
raw_ece: 0.2382
raw_topk: 0.9895
refined_accuracy: 1.0000
refined_precision: 1.0000
refined_recall: 1.0000
refined_f1: 1.0000
refined_brier: 0.0297
refined_ece: 0.1299
refined_topk: 1.0000
refined_ambiguous_ratio: 0.1938
refined_refinement_candidate_ratio: 0.2875
delta_accuracy: 0.0250
delta_precision: 0.0000
delta_recall: 0.0842
delta_f1: 0.0458
delta_brier: -0.0488
delta_ece: -0.1083
delta_topk: 0.0105
candidate_accuracy: 1.0000
candidate_precision: 1.0000
candidate_recall: 1.0000
candidate_f1: 1.0000
refinement_change_rate: 0.0707
refinement_corrected_rate: 0.6000
refinement_wrong_flip_rate: 0.0000
