device: cuda
samples: train=100 test=100
batch_size: 16 amp: True
epoch 0001 loss=0.6399
epoch 0020 loss=0.0132
epoch 0040 loss=0.0078
epoch 0060 loss=0.0084
test metrics:
raw_accuracy: 0.9978
raw_precision: 0.9969
raw_recall: 0.9958
raw_f1: 0.9963
raw_brier: 0.0018
raw_ece: 0.0034
raw_topk: 0.9979
refined_accuracy: 0.9992
refined_precision: 0.9995
refined_recall: 0.9979
refined_f1: 0.9987
refined_brier: 0.0004
refined_ece: 0.0009
refined_topk: 1.0000
refined_ambiguous_ratio: 0.0011
refined_refinement_candidate_ratio: 0.1105
delta_accuracy: 0.0014
delta_precision: 0.0026
delta_recall: 0.0021
delta_f1: 0.0024
delta_brier: -0.0014
delta_ece: -0.0024
delta_topk: 0.0021
candidate_accuracy: 0.9934
candidate_precision: 0.9967
candidate_recall: 0.9858
candidate_f1: 0.9892
refinement_change_rate: 0.0179
refinement_corrected_rate: 0.1000
refinement_wrong_flip_rate: 0.0200
