device: cuda
samples: train=100 test=100
batch_size: 16 amp: True
epoch 0001 loss=0.6623
epoch 0020 loss=0.0110
epoch 0040 loss=0.0048
epoch 0060 loss=0.0031
test metrics:
raw_accuracy: 0.9989
raw_precision: 0.9975
raw_recall: 0.9989
raw_f1: 0.9982
raw_brier: 0.0006
raw_ece: 0.0012
raw_topk: 0.9995
refined_accuracy: 0.9994
refined_precision: 0.9980
refined_recall: 1.0000
refined_f1: 0.9990
refined_brier: 0.0004
refined_ece: 0.0007
refined_topk: 0.9995
refined_ambiguous_ratio: 0.0006
refined_refinement_candidate_ratio: 0.1100
delta_accuracy: 0.0005
delta_precision: 0.0005
delta_recall: 0.0011
delta_f1: 0.0008
delta_brier: -0.0002
delta_ece: -0.0005
delta_topk: 0.0000
candidate_accuracy: 0.9960
candidate_precision: 0.9867
candidate_recall: 1.0000
candidate_f1: 0.9913
refinement_change_rate: 0.0039
refinement_corrected_rate: 0.0300
refinement_wrong_flip_rate: 0.0000
