device: cuda
samples: train=100 test=100
batch_size: 16 amp: True
epoch 0001 loss=0.6687
epoch 0020 loss=0.0087
epoch 0040 loss=0.0038
epoch 0060 loss=0.0020
test metrics:
raw_accuracy: 0.9991
raw_precision: 0.9990
raw_recall: 0.9979
raw_f1: 0.9984
raw_brier: 0.0010
raw_ece: 0.0013
raw_topk: 0.9989
refined_accuracy: 0.9992
refined_precision: 0.9990
refined_recall: 0.9984
refined_f1: 0.9987
refined_brier: 0.0008
refined_ece: 0.0009
refined_topk: 0.9989
refined_ambiguous_ratio: 0.0002
refined_refinement_candidate_ratio: 0.1095
delta_accuracy: 0.0002
delta_precision: 0.0000
delta_recall: 0.0005
delta_f1: 0.0003
delta_brier: -0.0002
delta_ece: -0.0005
delta_topk: 0.0000
candidate_accuracy: 0.9943
candidate_precision: 0.9950
candidate_recall: 0.9883
candidate_f1: 0.9893
refinement_change_rate: 0.0043
refinement_corrected_rate: 0.0200
refinement_wrong_flip_rate: 0.0100
