device: cuda
samples: train=100 test=100
batch_size: 16 amp: True
epoch 0001 loss=0.6386
epoch 0020 loss=0.0067
epoch 0040 loss=0.0023
epoch 0060 loss=0.0023
test metrics:
raw_accuracy: 0.9991
raw_precision: 0.9985
raw_recall: 0.9984
raw_f1: 0.9984
raw_brier: 0.0009
raw_ece: 0.0012
raw_topk: 0.9989
refined_accuracy: 0.9992
refined_precision: 0.9985
refined_recall: 0.9989
refined_f1: 0.9987
refined_brier: 0.0007
refined_ece: 0.0008
refined_topk: 0.9989
refined_ambiguous_ratio: 0.0000
refined_refinement_candidate_ratio: 0.1094
delta_accuracy: 0.0002
delta_precision: 0.0000
delta_recall: 0.0005
delta_f1: 0.0003
delta_brier: -0.0002
delta_ece: -0.0004
delta_topk: 0.0000
candidate_accuracy: 0.9929
candidate_precision: 0.9850
candidate_recall: 0.9933
candidate_f1: 0.9860
refinement_change_rate: 0.0014
refinement_corrected_rate: 0.0100
refinement_wrong_flip_rate: 0.0000
