device: cuda
samples: train=10 test=5
batch_size: 16 amp: True
epoch 0001 loss=0.6716
epoch 0020 loss=0.3563
test metrics:
raw_accuracy: 0.9594
raw_precision: 1.0000
raw_recall: 0.8632
raw_f1: 0.9164
raw_brier: 0.0830
raw_ece: 0.2470
raw_topk: 0.9895
refined_accuracy: 0.9969
refined_precision: 1.0000
refined_recall: 0.9895
refined_f1: 0.9946
refined_brier: 0.0274
refined_ece: 0.1237
refined_topk: 1.0000
refined_ambiguous_ratio: 0.2281
refined_refinement_candidate_ratio: 0.3219
delta_accuracy: 0.0375
delta_precision: 0.0000
delta_recall: 0.1263
delta_f1: 0.0782
delta_brier: -0.0555
delta_ece: -0.1233
delta_topk: 0.0105
candidate_accuracy: 0.9917
candidate_precision: 1.0000
candidate_recall: 0.9895
candidate_f1: 0.9946
refinement_change_rate: 0.1018
refinement_corrected_rate: 0.4000
refinement_wrong_flip_rate: 0.0000
