device: cuda
samples: train=10 test=5
batch_size: 16 amp: True
epoch 0001 loss=0.6971
epoch 0020 loss=0.4375
test metrics:
raw_accuracy: 0.8562
raw_precision: 1.0000
raw_recall: 0.5158
raw_f1: 0.6589
raw_brier: 0.1154
raw_ece: 0.2962
raw_topk: 0.9895
refined_accuracy: 1.0000
refined_precision: 1.0000
refined_recall: 1.0000
refined_f1: 1.0000
refined_brier: 0.0318
refined_ece: 0.1389
refined_topk: 1.0000
refined_ambiguous_ratio: 0.2938
refined_refinement_candidate_ratio: 0.3719
delta_accuracy: 0.1438
delta_precision: 0.0000
delta_recall: 0.4842
delta_f1: 0.3411
delta_brier: -0.0836
delta_ece: -0.1573
delta_topk: 0.0105
candidate_accuracy: 1.0000
candidate_precision: 1.0000
candidate_recall: 1.0000
candidate_f1: 1.0000
refinement_change_rate: 0.3904
refinement_corrected_rate: 1.0000
refinement_wrong_flip_rate: 0.0000
