device: cuda
samples: train=10 test=5
batch_size: 16 amp: True
epoch 0001 loss=0.7042
epoch 0020 loss=0.4585
test metrics:
raw_accuracy: 0.7063
raw_precision: 0.2000
raw_recall: 0.0105
raw_f1: 0.0200
raw_brier: 0.1324
raw_ece: 0.3075
raw_topk: 0.9789
refined_accuracy: 0.9656
refined_precision: 0.9882
refined_recall: 0.8947
refined_f1: 0.9364
refined_brier: 0.0456
refined_ece: 0.1573
refined_topk: 0.9789
refined_ambiguous_ratio: 0.2000
refined_refinement_candidate_ratio: 0.2875
delta_accuracy: 0.2594
delta_precision: 0.7882
delta_recall: 0.8842
delta_f1: 0.9164
delta_brier: -0.0868
delta_ece: -0.1502
delta_topk: 0.0000
candidate_accuracy: 0.9882
candidate_precision: 0.9882
candidate_recall: 1.0000
candidate_f1: 0.9939
refinement_change_rate: 0.9375
refinement_corrected_rate: 0.9882
refinement_wrong_flip_rate: 0.0118
