device: cuda
samples: train=10 test=5
batch_size: 16 amp: True
epoch 0001 loss=0.6436
epoch 0020 loss=0.4188
test metrics:
raw_accuracy: 0.7969
raw_precision: 1.0000
raw_recall: 0.3158
raw_f1: 0.4385
raw_brier: 0.1098
raw_ece: 0.2735
raw_topk: 0.9895
refined_accuracy: 0.9969
refined_precision: 1.0000
refined_recall: 0.9895
refined_f1: 0.9946
refined_brier: 0.0208
refined_ece: 0.1154
refined_topk: 1.0000
refined_ambiguous_ratio: 0.2562
refined_refinement_candidate_ratio: 0.3344
delta_accuracy: 0.2000
delta_precision: 0.0000
delta_recall: 0.6737
delta_f1: 0.5561
delta_brier: -0.0889
delta_ece: -0.1581
delta_topk: 0.0105
candidate_accuracy: 0.9917
candidate_precision: 1.0000
candidate_recall: 0.9895
candidate_f1: 0.9946
refinement_change_rate: 0.6258
refinement_corrected_rate: 1.0000
refinement_wrong_flip_rate: 0.0000
