device: cuda
samples: train=10 test=5
batch_size: 16 amp: True
epoch 0001 loss=0.7967
epoch 0020 loss=0.4535
test metrics:
raw_accuracy: 0.7750
raw_precision: 0.8000
raw_recall: 0.2421
raw_f1: 0.3319
raw_brier: 0.1262
raw_ece: 0.2949
raw_topk: 0.9684
refined_accuracy: 1.0000
refined_precision: 1.0000
refined_recall: 1.0000
refined_f1: 1.0000
refined_brier: 0.0320
refined_ece: 0.1410
refined_topk: 1.0000
refined_ambiguous_ratio: 0.2875
refined_refinement_candidate_ratio: 0.3625
delta_accuracy: 0.2250
delta_precision: 0.2000
delta_recall: 0.7579
delta_f1: 0.6681
delta_brier: -0.0942
delta_ece: -0.1539
delta_topk: 0.0316
candidate_accuracy: 1.0000
candidate_precision: 1.0000
candidate_recall: 1.0000
candidate_f1: 1.0000
refinement_change_rate: 0.6532
refinement_corrected_rate: 1.0000
refinement_wrong_flip_rate: 0.0000
