device: cuda
samples: train=10 test=5
batch_size: 16 amp: True
epoch 0001 loss=0.7459
epoch 0020 loss=0.4892
test metrics:
raw_accuracy: 0.7031
raw_precision: 0.0000
raw_recall: 0.0000
raw_f1: 0.0000
raw_brier: 0.1373
raw_ece: 0.3219
raw_topk: 0.9895
refined_accuracy: 1.0000
refined_precision: 1.0000
refined_recall: 1.0000
refined_f1: 1.0000
refined_brier: 0.0394
refined_ece: 0.1580
refined_topk: 1.0000
refined_ambiguous_ratio: 0.2781
refined_refinement_candidate_ratio: 0.3563
delta_accuracy: 0.2969
delta_precision: 1.0000
delta_recall: 1.0000
delta_f1: 1.0000
delta_brier: -0.0979
delta_ece: -0.1638
delta_topk: 0.0105
candidate_accuracy: 1.0000
candidate_precision: 1.0000
candidate_recall: 1.0000
candidate_f1: 1.0000
refinement_change_rate: 0.8367
refinement_corrected_rate: 1.0000
refinement_wrong_flip_rate: 0.0000
