device: cuda
samples: train=10 test=5
batch_size: 16 amp: True
epoch 0001 loss=0.6467
epoch 0020 loss=0.3206
test metrics:
raw_accuracy: 0.9500
raw_precision: 0.9882
raw_recall: 0.8421
raw_f1: 0.9023
raw_brier: 0.0702
raw_ece: 0.1952
raw_topk: 0.9474
refined_accuracy: 1.0000
refined_precision: 1.0000
refined_recall: 1.0000
refined_f1: 1.0000
refined_brier: 0.0248
refined_ece: 0.1148
refined_topk: 1.0000
refined_ambiguous_ratio: 0.1469
refined_refinement_candidate_ratio: 0.2469
delta_accuracy: 0.0500
delta_precision: 0.0118
delta_recall: 0.1579
delta_f1: 0.0977
delta_brier: -0.0454
delta_ece: -0.0804
delta_topk: 0.0526
candidate_accuracy: 1.0000
candidate_precision: 1.0000
candidate_recall: 1.0000
candidate_f1: 1.0000
refinement_change_rate: 0.1646
refinement_corrected_rate: 0.6000
refinement_wrong_flip_rate: 0.0000
