device: cuda
samples: train=100 test=100
batch_size: 16 amp: True
epoch 0001 loss=0.6934
epoch 0020 loss=0.0140
epoch 0040 loss=0.0075
epoch 0060 loss=0.0067
test metrics:
raw_accuracy: 0.9975
raw_precision: 0.9985
raw_recall: 0.9932
raw_f1: 0.9957
raw_brier: 0.0018
raw_ece: 0.0030
raw_topk: 0.9989
refined_accuracy: 0.9997
refined_precision: 0.9995
refined_recall: 0.9995
refined_f1: 0.9995
refined_brier: 0.0002
refined_ece: 0.0004
refined_topk: 1.0000
refined_ambiguous_ratio: 0.0005
refined_refinement_candidate_ratio: 0.1098
delta_accuracy: 0.0022
delta_precision: 0.0010
delta_recall: 0.0063
delta_f1: 0.0038
delta_brier: -0.0016
delta_ece: -0.0026
delta_topk: 0.0011
candidate_accuracy: 0.9973
candidate_precision: 0.9950
candidate_recall: 0.9967
candidate_f1: 0.9947
refinement_change_rate: 0.0196
refinement_corrected_rate: 0.1300
refinement_wrong_flip_rate: 0.0000
