device: cuda
samples: train=10 test=5
batch_size: 16 amp: True
epoch 0001 loss=0.7338
epoch 0020 loss=0.3847
test metrics:
raw_accuracy: 0.9375
raw_precision: 1.0000
raw_recall: 0.7895
raw_f1: 0.8675
raw_brier: 0.0911
raw_ece: 0.2469
raw_topk: 0.9684
refined_accuracy: 1.0000
refined_precision: 1.0000
refined_recall: 1.0000
refined_f1: 1.0000
refined_brier: 0.0250
refined_ece: 0.1208
refined_topk: 1.0000
refined_ambiguous_ratio: 0.2500
refined_refinement_candidate_ratio: 0.3406
delta_accuracy: 0.0625
delta_precision: 0.0000
delta_recall: 0.2105
delta_f1: 0.1325
delta_brier: -0.0661
delta_ece: -0.1261
delta_topk: 0.0316
candidate_accuracy: 1.0000
candidate_precision: 1.0000
candidate_recall: 1.0000
candidate_f1: 1.0000
refinement_change_rate: 0.1642
refinement_corrected_rate: 0.6000
refinement_wrong_flip_rate: 0.0000
