device: cuda
samples: train=10 test=5
batch_size: 16 amp: True
epoch 0001 loss=0.8097
epoch 0020 loss=0.5016
test metrics:
raw_accuracy: 0.7031
raw_precision: 0.0000
raw_recall: 0.0000
raw_f1: 0.0000
raw_brier: 0.1607
raw_ece: 0.2941
raw_topk: 0.9895
refined_accuracy: 0.8250
refined_precision: 1.0000
refined_recall: 0.4105
refined_f1: 0.5795
refined_brier: 0.1100
refined_ece: 0.2155
refined_topk: 0.9895
refined_ambiguous_ratio: 0.0125
refined_refinement_candidate_ratio: 0.1219
delta_accuracy: 0.1219
delta_precision: 1.0000
delta_recall: 0.4105
delta_f1: 0.5795
delta_brier: -0.0508
delta_ece: -0.0786
delta_topk: 0.0000
candidate_accuracy: 1.0000
candidate_precision: 1.0000
candidate_recall: 1.0000
candidate_f1: 1.0000
refinement_change_rate: 1.0000
refinement_corrected_rate: 1.0000
refinement_wrong_flip_rate: 0.0000
