device: cuda
samples: train=10 test=5
batch_size: 16 amp: True
epoch 0001 loss=0.6835
epoch 0020 loss=0.4753
test metrics:
raw_accuracy: 0.7312
raw_precision: 0.8000
raw_recall: 0.0947
raw_f1: 0.1641
raw_brier: 0.1285
raw_ece: 0.3073
raw_topk: 0.9789
refined_accuracy: 0.9938
refined_precision: 1.0000
refined_recall: 0.9789
refined_f1: 0.9892
refined_brier: 0.0360
refined_ece: 0.1501
refined_topk: 1.0000
refined_ambiguous_ratio: 0.2531
refined_refinement_candidate_ratio: 0.3344
delta_accuracy: 0.2625
delta_precision: 0.2000
delta_recall: 0.8842
delta_f1: 0.8251
delta_brier: -0.0924
delta_ece: -0.1572
delta_topk: 0.0211
candidate_accuracy: 0.9917
candidate_precision: 1.0000
candidate_recall: 0.9895
candidate_f1: 0.9946
refinement_change_rate: 0.8004
refinement_corrected_rate: 1.0000
refinement_wrong_flip_rate: 0.0000
