device: cuda
samples: train=10 test=5
batch_size: 16 amp: True
epoch 0001 loss=0.7347
epoch 0020 loss=0.4977
test metrics:
raw_accuracy: 0.7031
raw_precision: 0.0000
raw_recall: 0.0000
raw_f1: 0.0000
raw_brier: 0.1477
raw_ece: 0.3024
raw_topk: 0.9684
refined_accuracy: 0.8875
refined_precision: 0.9846
refined_recall: 0.6316
refined_f1: 0.7459
refined_brier: 0.0830
refined_ece: 0.2002
refined_topk: 0.9684
refined_ambiguous_ratio: 0.0906
refined_refinement_candidate_ratio: 0.1906
delta_accuracy: 0.1844
delta_precision: 0.9846
delta_recall: 0.6316
delta_f1: 0.7459
delta_brier: -0.0648
delta_ece: -0.1022
delta_topk: 0.0000
candidate_accuracy: 0.9846
candidate_precision: 0.9846
candidate_recall: 1.0000
candidate_f1: 0.9920
refinement_change_rate: 1.0000
refinement_corrected_rate: 0.9846
refinement_wrong_flip_rate: 0.0154
