device: cuda
samples: train=200 test=100
batch_size: 16 amp: True
epoch 0001 loss=0.6264
epoch 0020 loss=0.0021
epoch 0040 loss=0.0014
epoch 0060 loss=0.0011
test metrics:
raw_accuracy: 0.9999
raw_precision: 0.9998
raw_recall: 0.9998
raw_f1: 0.9998
raw_brier: 0.0001
raw_ece: 0.0002
raw_topk: 0.9999
refined_accuracy: 1.0000
refined_precision: 1.0000
refined_recall: 1.0000
refined_f1: 1.0000
refined_brier: 0.0000
refined_ece: 0.0000
refined_topk: 1.0000
refined_ambiguous_ratio: 0.0000
refined_refinement_candidate_ratio: 0.1006
delta_accuracy: 0.0001
delta_precision: 0.0002
delta_recall: 0.0002
delta_f1: 0.0002
delta_brier: -0.0001
delta_ece: -0.0002
delta_topk: 0.0001
candidate_accuracy: 1.0000
candidate_precision: 1.0000
candidate_recall: 1.0000
candidate_f1: 1.0000
refinement_change_rate: 0.0013
refinement_corrected_rate: 0.1000
refinement_wrong_flip_rate: 0.0000
