device: cuda
samples: train=10 test=5
batch_size: 16 amp: True
epoch 0001 loss=0.7325
epoch 0020 loss=0.4325
test metrics:
raw_accuracy: 0.7719
raw_precision: 0.8000
raw_recall: 0.2316
raw_f1: 0.3373
raw_brier: 0.1154
raw_ece: 0.2918
raw_topk: 1.0000
refined_accuracy: 0.9938
refined_precision: 1.0000
refined_recall: 0.9789
refined_f1: 0.9889
refined_brier: 0.0299
refined_ece: 0.1352
refined_topk: 1.0000
refined_ambiguous_ratio: 0.2531
refined_refinement_candidate_ratio: 0.3344
delta_accuracy: 0.2219
delta_precision: 0.2000
delta_recall: 0.7474
delta_f1: 0.6516
delta_brier: -0.0855
delta_ece: -0.1567
delta_topk: 0.0000
candidate_accuracy: 1.0000
candidate_precision: 1.0000
candidate_recall: 1.0000
candidate_f1: 1.0000
refinement_change_rate: 0.6898
refinement_corrected_rate: 1.0000
refinement_wrong_flip_rate: 0.0000
