device: cuda
samples: train=10 test=5
batch_size: 16 amp: True
epoch 0001 loss=0.7239
epoch 0020 loss=0.3819
test metrics:
raw_accuracy: 0.9344
raw_precision: 0.9795
raw_recall: 0.8000
raw_f1: 0.8614
raw_brier: 0.0903
raw_ece: 0.2310
raw_topk: 0.9368
refined_accuracy: 1.0000
refined_precision: 1.0000
refined_recall: 1.0000
refined_f1: 1.0000
refined_brier: 0.0322
refined_ece: 0.1352
refined_topk: 1.0000
refined_ambiguous_ratio: 0.1938
refined_refinement_candidate_ratio: 0.2906
delta_accuracy: 0.0656
delta_precision: 0.0205
delta_recall: 0.2000
delta_f1: 0.1386
delta_brier: -0.0581
delta_ece: -0.0958
delta_topk: 0.0632
candidate_accuracy: 1.0000
candidate_precision: 1.0000
candidate_recall: 1.0000
candidate_f1: 1.0000
refinement_change_rate: 0.2084
refinement_corrected_rate: 1.0000
refinement_wrong_flip_rate: 0.0000
