device: cuda
samples: train=10 test=5
batch_size: 16 amp: True
epoch 0001 loss=0.7229
epoch 0020 loss=0.4690
test metrics:
raw_accuracy: 0.8250
raw_precision: 0.8000
raw_recall: 0.4105
raw_f1: 0.5194
raw_brier: 0.1231
raw_ece: 0.3006
raw_topk: 0.9684
refined_accuracy: 0.9844
refined_precision: 0.9895
refined_recall: 0.9579
refined_f1: 0.9730
refined_brier: 0.0443
refined_ece: 0.1524
refined_topk: 0.9789
refined_ambiguous_ratio: 0.2687
refined_refinement_candidate_ratio: 0.3469
delta_accuracy: 0.1594
delta_precision: 0.1895
delta_recall: 0.5474
delta_f1: 0.4536
delta_brier: -0.0788
delta_ece: -0.1482
delta_topk: 0.0105
candidate_accuracy: 0.9740
candidate_precision: 0.9895
candidate_recall: 0.9789
candidate_f1: 0.9835
refinement_change_rate: 0.5057
refinement_corrected_rate: 0.9867
refinement_wrong_flip_rate: 0.0133
