device: cuda
samples: train=10 test=5
batch_size: 16 amp: True
epoch 0001 loss=0.6990
epoch 0020 loss=0.4966
test metrics:
raw_accuracy: 0.7031
raw_precision: 0.0000
raw_recall: 0.0000
raw_f1: 0.0000
raw_brier: 0.1436
raw_ece: 0.3220
raw_topk: 0.9895
refined_accuracy: 0.9344
refined_precision: 1.0000
refined_recall: 0.7789
refined_f1: 0.8557
refined_brier: 0.0622
refined_ece: 0.1888
refined_topk: 0.9895
refined_ambiguous_ratio: 0.1594
refined_refinement_candidate_ratio: 0.2531
delta_accuracy: 0.2312
delta_precision: 1.0000
delta_recall: 0.7789
delta_f1: 0.8557
delta_brier: -0.0814
delta_ece: -0.1332
delta_topk: 0.0000
candidate_accuracy: 0.9917
candidate_precision: 1.0000
candidate_recall: 0.9895
candidate_f1: 0.9946
refinement_change_rate: 0.9400
refinement_corrected_rate: 1.0000
refinement_wrong_flip_rate: 0.0000
