device: cuda
samples: train=10 test=5
batch_size: 16 amp: True
epoch 0001 loss=0.7379
epoch 0020 loss=0.3510
test metrics:
raw_accuracy: 0.9656
raw_precision: 0.9704
raw_recall: 0.9158
raw_f1: 0.9366
raw_brier: 0.0781
raw_ece: 0.2230
raw_topk: 0.9789
refined_accuracy: 0.9938
refined_precision: 0.9810
refined_recall: 1.0000
refined_f1: 0.9900
refined_brier: 0.0422
refined_ece: 0.1547
refined_topk: 0.9789
refined_ambiguous_ratio: 0.1281
refined_refinement_candidate_ratio: 0.2281
delta_accuracy: 0.0281
delta_precision: 0.0105
delta_recall: 0.0842
delta_f1: 0.0534
delta_brier: -0.0359
delta_ece: -0.0683
delta_topk: 0.0000
candidate_accuracy: 0.9818
candidate_precision: 0.9333
candidate_recall: 1.0000
candidate_f1: 0.9600
refinement_change_rate: 0.1021
refinement_corrected_rate: 0.6000
refinement_wrong_flip_rate: 0.0000
