device: cuda
samples: train=100 test=100
batch_size: 16 amp: True
epoch 0001 loss=0.6934
epoch 0020 loss=0.0038
epoch 0040 loss=0.0020
epoch 0060 loss=0.0016
test metrics:
raw_accuracy: 0.9997
raw_precision: 0.9995
raw_recall: 0.9993
raw_f1: 0.9994
raw_brier: 0.0002
raw_ece: 0.0004
raw_topk: 0.9995
refined_accuracy: 1.0000
refined_precision: 1.0000
refined_recall: 0.9999
refined_f1: 1.0000
refined_brier: 0.0000
refined_ece: 0.0000
refined_topk: 1.0000
refined_ambiguous_ratio: 0.0002
refined_refinement_candidate_ratio: 0.1008
delta_accuracy: 0.0003
delta_precision: 0.0005
delta_recall: 0.0006
delta_f1: 0.0005
delta_brier: -0.0002
delta_ece: -0.0004
delta_topk: 0.0005
candidate_accuracy: 0.9998
candidate_precision: 1.0000
candidate_recall: 0.9994
candidate_f1: 0.9997
refinement_change_rate: 0.0032
refinement_corrected_rate: 0.2400
refinement_wrong_flip_rate: 0.0000
