device: cuda
samples: train=100 test=100
batch_size: 16 amp: True
epoch 0001 loss=0.5937
epoch 0020 loss=0.0030
epoch 0040 loss=0.0016
epoch 0060 loss=0.0016
test metrics:
raw_accuracy: 0.9995
raw_precision: 0.9995
raw_recall: 0.9988
raw_f1: 0.9991
raw_brier: 0.0004
raw_ece: 0.0006
raw_topk: 0.9994
refined_accuracy: 1.0000
refined_precision: 1.0000
refined_recall: 0.9999
refined_f1: 1.0000
refined_brier: 0.0000
refined_ece: 0.0000
refined_topk: 1.0000
refined_ambiguous_ratio: 0.0002
refined_refinement_candidate_ratio: 0.1008
delta_accuracy: 0.0005
delta_precision: 0.0005
delta_recall: 0.0011
delta_f1: 0.0008
delta_brier: -0.0004
delta_ece: -0.0006
delta_topk: 0.0006
candidate_accuracy: 0.9997
candidate_precision: 1.0000
candidate_recall: 0.9991
candidate_f1: 0.9995
refinement_change_rate: 0.0048
refinement_corrected_rate: 0.2900
refinement_wrong_flip_rate: 0.0000
