device: cuda
samples: train=100 test=100
batch_size: 16 amp: True
epoch 0001 loss=0.6779
epoch 0020 loss=0.0058
epoch 0040 loss=0.0025
epoch 0060 loss=0.0018
test metrics:
raw_accuracy: 0.9998
raw_precision: 0.9997
raw_recall: 0.9997
raw_f1: 0.9997
raw_brier: 0.0002
raw_ece: 0.0003
raw_topk: 0.9997
refined_accuracy: 1.0000
refined_precision: 1.0000
refined_recall: 1.0000
refined_f1: 1.0000
refined_brier: 0.0000
refined_ece: 0.0000
refined_topk: 1.0000
refined_ambiguous_ratio: 0.0001
refined_refinement_candidate_ratio: 0.1007
delta_accuracy: 0.0002
delta_precision: 0.0003
delta_recall: 0.0003
delta_f1: 0.0003
delta_brier: -0.0002
delta_ece: -0.0003
delta_topk: 0.0003
candidate_accuracy: 1.0000
candidate_precision: 1.0000
candidate_recall: 1.0000
candidate_f1: 1.0000
refinement_change_rate: 0.0016
refinement_corrected_rate: 0.1300
refinement_wrong_flip_rate: 0.0000
