device: cuda
samples: train=100 test=100
batch_size: 16 amp: True
epoch 0001 loss=0.6569
epoch 0020 loss=0.0028
epoch 0040 loss=0.0018
epoch 0060 loss=0.0015
test metrics:
raw_accuracy: 0.9997
raw_precision: 0.9996
raw_recall: 0.9993
raw_f1: 0.9994
raw_brier: 0.0003
raw_ece: 0.0004
raw_topk: 0.9996
refined_accuracy: 1.0000
refined_precision: 1.0000
refined_recall: 1.0000
refined_f1: 1.0000
refined_brier: 0.0000
refined_ece: 0.0000
refined_topk: 1.0000
refined_ambiguous_ratio: 0.0001
refined_refinement_candidate_ratio: 0.1007
delta_accuracy: 0.0003
delta_precision: 0.0004
delta_recall: 0.0007
delta_f1: 0.0006
delta_brier: -0.0003
delta_ece: -0.0004
delta_topk: 0.0004
candidate_accuracy: 1.0000
candidate_precision: 1.0000
candidate_recall: 1.0000
candidate_f1: 1.0000
refinement_change_rate: 0.0033
refinement_corrected_rate: 0.2500
refinement_wrong_flip_rate: 0.0000
