device: cuda
samples: train=10 test=5
batch_size: 16 amp: True
epoch 0001 loss=0.6799
epoch 0020 loss=0.4650
test metrics:
raw_accuracy: 0.7031
raw_precision: 0.0000
raw_recall: 0.0000
raw_f1: 0.0000
raw_brier: 0.1297
raw_ece: 0.3031
raw_topk: 0.9895
refined_accuracy: 0.9812
refined_precision: 1.0000
refined_recall: 0.9368
refined_f1: 0.9657
refined_brier: 0.0387
refined_ece: 0.1530
refined_topk: 1.0000
refined_ambiguous_ratio: 0.2406
refined_refinement_candidate_ratio: 0.3219
delta_accuracy: 0.2781
delta_precision: 1.0000
delta_recall: 0.9368
delta_f1: 0.9657
delta_brier: -0.0910
delta_ece: -0.1500
delta_topk: 0.0105
candidate_accuracy: 0.9822
candidate_precision: 1.0000
candidate_recall: 0.9789
candidate_f1: 0.9892
refinement_change_rate: 0.8754
refinement_corrected_rate: 1.0000
refinement_wrong_flip_rate: 0.0000
