device: cuda
samples: train=100 test=100
batch_size: 16 amp: True
epoch 0001 loss=0.6316
epoch 0020 loss=0.0075
epoch 0040 loss=0.0034
epoch 0060 loss=0.0016
test metrics:
raw_accuracy: 0.9994
raw_precision: 0.9985
raw_recall: 0.9995
raw_f1: 0.9990
raw_brier: 0.0006
raw_ece: 0.0010
raw_topk: 1.0000
refined_accuracy: 0.9994
refined_precision: 0.9985
refined_recall: 0.9995
refined_f1: 0.9990
refined_brier: 0.0004
refined_ece: 0.0006
refined_topk: 1.0000
refined_ambiguous_ratio: 0.0005
refined_refinement_candidate_ratio: 0.1098
delta_accuracy: 0.0000
delta_precision: 0.0000
delta_recall: 0.0000
delta_f1: 0.0000
delta_brier: -0.0002
delta_ece: -0.0004
delta_topk: 0.0000
candidate_accuracy: 0.9945
candidate_precision: 0.9850
candidate_recall: 0.9967
candidate_f1: 0.9880
refinement_change_rate: 0.0027
refinement_corrected_rate: 0.0100
refinement_wrong_flip_rate: 0.0100
