device: cuda
samples: train=10 test=5
batch_size: 16 amp: True
epoch 0001 loss=0.7146
epoch 0020 loss=0.3272
test metrics:
raw_accuracy: 0.9625
raw_precision: 0.9514
raw_recall: 0.9263
raw_f1: 0.9320
raw_brier: 0.0685
raw_ece: 0.2165
raw_topk: 0.9789
refined_accuracy: 1.0000
refined_precision: 1.0000
refined_recall: 1.0000
refined_f1: 1.0000
refined_brier: 0.0324
refined_ece: 0.1417
refined_topk: 1.0000
refined_ambiguous_ratio: 0.1125
refined_refinement_candidate_ratio: 0.2188
delta_accuracy: 0.0375
delta_precision: 0.0486
delta_recall: 0.0737
delta_f1: 0.0680
delta_brier: -0.0361
delta_ece: -0.0747
delta_topk: 0.0211
candidate_accuracy: 1.0000
candidate_precision: 1.0000
candidate_recall: 1.0000
candidate_f1: 1.0000
refinement_change_rate: 0.1627
refinement_corrected_rate: 0.8000
refinement_wrong_flip_rate: 0.0000
