device: cuda
samples: train=10 test=5
batch_size: 16 amp: True
epoch 0001 loss=0.6992
epoch 0020 loss=0.4250
test metrics:
raw_accuracy: 0.8750
raw_precision: 0.9889
raw_recall: 0.5895
raw_f1: 0.6970
raw_brier: 0.1129
raw_ece: 0.2581
raw_topk: 0.9684
refined_accuracy: 0.9844
refined_precision: 0.9900
refined_recall: 0.9579
refined_f1: 0.9713
refined_brier: 0.0327
refined_ece: 0.1155
refined_topk: 0.9789
refined_ambiguous_ratio: 0.2875
refined_refinement_candidate_ratio: 0.3688
delta_accuracy: 0.1094
delta_precision: 0.0011
delta_recall: 0.3684
delta_f1: 0.2743
delta_brier: -0.0802
delta_ece: -0.1426
delta_topk: 0.0105
candidate_accuracy: 0.9926
candidate_precision: 0.9900
candidate_recall: 1.0000
candidate_f1: 0.9949
refinement_change_rate: 0.3328
refinement_corrected_rate: 1.0000
refinement_wrong_flip_rate: 0.0000
