device: cpu
samples: train=120 test=60
epoch 0001 loss=0.1412
epoch 0020 loss=0.0007
epoch 0040 loss=0.0000
epoch 0060 loss=0.0000
epoch 0080 loss=0.0005
test metrics:
raw_accuracy: 0.9990
raw_precision: 0.9967
raw_recall: 1.0000
raw_f1: 0.9983
raw_brier: 0.0008
raw_ece: 0.0010
raw_topk: 0.9991
refined_accuracy: 0.9997
refined_precision: 0.9992
refined_recall: 1.0000
refined_f1: 0.9996
refined_brier: 0.0003
refined_ece: 0.0003
refined_topk: 0.9991
refined_ambiguous_ratio: 0.0003
refined_refinement_candidate_ratio: 0.1096
delta_accuracy: 0.0008
delta_precision: 0.0024
delta_recall: 0.0000
delta_f1: 0.0013
delta_brier: -0.0006
delta_ece: -0.0007
delta_topk: 0.0000
candidate_accuracy: 1.0000
candidate_precision: 1.0000
candidate_recall: 1.0000
candidate_f1: 1.0000
refinement_change_rate: 0.0065
refinement_corrected_rate: 0.0333
refinement_wrong_flip_rate: 0.0000
