device: cpu
samples: train=120 test=60
epoch 0001 loss=0.1296
epoch 0020 loss=0.0009
epoch 0040 loss=0.0013
epoch 0060 loss=0.0001
epoch 0080 loss=0.0000
test metrics:
raw_accuracy: 0.9986
raw_precision: 0.9972
raw_recall: 0.9985
raw_f1: 0.9978
raw_brier: 0.0010
raw_ece: 0.0012
raw_topk: 1.0000
refined_accuracy: 1.0000
refined_precision: 1.0000
refined_recall: 1.0000
refined_f1: 1.0000
refined_brier: 0.0000
refined_ece: 0.0001
refined_topk: 1.0000
refined_ambiguous_ratio: 0.0000
refined_refinement_candidate_ratio: 0.1384
delta_accuracy: 0.0014
delta_precision: 0.0028
delta_recall: 0.0015
delta_f1: 0.0022
delta_brier: -0.0009
delta_ece: -0.0011
delta_topk: 0.0000
candidate_accuracy: 1.0000
candidate_precision: 1.0000
candidate_recall: 1.0000
candidate_f1: 1.0000
refinement_change_rate: 0.0108
refinement_corrected_rate: 0.0500
refinement_wrong_flip_rate: 0.0000
