device: cpu
samples: train=120 test=60
epoch 0001 loss=0.1448
epoch 0020 loss=0.0014
epoch 0040 loss=0.0019
epoch 0060 loss=0.0005
epoch 0080 loss=0.0004
test metrics:
raw_accuracy: 0.9995
raw_precision: 1.0000
raw_recall: 0.9982
raw_f1: 0.9991
raw_brier: 0.0005
raw_ece: 0.0005
raw_topk: 1.0000
refined_accuracy: 0.9997
refined_precision: 1.0000
refined_recall: 0.9991
refined_f1: 0.9995
refined_brier: 0.0002
refined_ece: 0.0002
refined_topk: 1.0000
refined_ambiguous_ratio: 0.0000
refined_refinement_candidate_ratio: 0.1094
delta_accuracy: 0.0003
delta_precision: 0.0000
delta_recall: 0.0009
delta_f1: 0.0005
delta_brier: -0.0003
delta_ece: -0.0003
delta_topk: 0.0000
candidate_accuracy: 0.9976
candidate_precision: 1.0000
candidate_recall: 0.9944
candidate_f1: 0.9967
refinement_change_rate: 0.0024
refinement_corrected_rate: 0.0167
refinement_wrong_flip_rate: 0.0000
