device: cpu
samples: train=120 test=60
epoch 0001 loss=0.1667
epoch 0020 loss=0.0006
epoch 0040 loss=0.0001
epoch 0060 loss=0.0037
epoch 0080 loss=0.0001
test metrics:
raw_accuracy: 0.9990
raw_precision: 1.0000
raw_recall: 0.9967
raw_f1: 0.9981
raw_brier: 0.0010
raw_ece: 0.0010
raw_topk: 1.0000
refined_accuracy: 1.0000
refined_precision: 1.0000
refined_recall: 1.0000
refined_f1: 1.0000
refined_brier: 0.0000
refined_ece: 0.0000
refined_topk: 1.0000
refined_ambiguous_ratio: 0.0000
refined_refinement_candidate_ratio: 0.1875
delta_accuracy: 0.0010
delta_precision: 0.0000
delta_recall: 0.0033
delta_f1: 0.0019
delta_brier: -0.0010
delta_ece: -0.0010
delta_topk: 0.0000
candidate_accuracy: 1.0000
candidate_precision: 1.0000
candidate_recall: 1.0000
candidate_f1: 1.0000
refinement_change_rate: 0.0056
refinement_corrected_rate: 0.0167
refinement_wrong_flip_rate: 0.0000
