device: cpu
samples: train=120 test=60
epoch 0001 loss=0.1653
epoch 0020 loss=0.0050
epoch 0040 loss=0.0022
epoch 0060 loss=0.0021
epoch 0080 loss=0.0021
test metrics:
raw_accuracy: 0.9990
raw_precision: 0.9985
raw_recall: 0.9983
raw_f1: 0.9983
raw_brier: 0.0004
raw_ece: 0.0012
raw_topk: 1.0000
refined_accuracy: 0.9990
refined_precision: 0.9985
refined_recall: 0.9983
refined_f1: 0.9983
refined_brier: 0.0005
refined_ece: 0.0007
refined_topk: 1.0000
refined_ambiguous_ratio: 0.0010
refined_refinement_candidate_ratio: 0.1260
delta_accuracy: 0.0000
delta_precision: 0.0000
delta_recall: 0.0000
delta_f1: 0.0000
delta_brier: 0.0001
delta_ece: -0.0004
delta_topk: 0.0000
candidate_accuracy: 0.9933
candidate_precision: 0.9917
candidate_recall: 0.9917
candidate_f1: 0.9889
refinement_change_rate: 0.0000
refinement_corrected_rate: 0.0000
refinement_wrong_flip_rate: 0.0000
