device: cpu
samples: train=120 test=60
epoch 0001 loss=0.1766
epoch 0020 loss=0.0069
epoch 0040 loss=0.0075
epoch 0060 loss=0.0029
epoch 0080 loss=0.0047
test metrics:
raw_accuracy: 0.9986
raw_precision: 1.0000
raw_recall: 0.9955
raw_f1: 0.9976
raw_brier: 0.0010
raw_ece: 0.0018
raw_topk: 0.9985
refined_accuracy: 0.9986
refined_precision: 1.0000
refined_recall: 0.9955
refined_f1: 0.9976
refined_brier: 0.0012
refined_ece: 0.0016
refined_topk: 0.9985
refined_ambiguous_ratio: 0.0005
refined_refinement_candidate_ratio: 0.1380
delta_accuracy: 0.0000
delta_precision: 0.0000
delta_recall: 0.0000
delta_f1: 0.0000
delta_brier: 0.0002
delta_ece: -0.0003
delta_topk: 0.0000
candidate_accuracy: 0.9875
candidate_precision: 1.0000
candidate_recall: 0.9750
candidate_f1: 0.9833
refinement_change_rate: 0.0000
refinement_corrected_rate: 0.0000
refinement_wrong_flip_rate: 0.0000
