device: cuda
samples: train=10 test=5
batch_size: 16 amp: True
epoch 0001 loss=0.7081
epoch 0020 loss=0.3331
test metrics:
raw_accuracy: 0.9844
raw_precision: 0.9900
raw_recall: 0.9579
raw_f1: 0.9713
raw_brier: 0.0673
raw_ece: 0.2284
raw_topk: 0.9895
refined_accuracy: 1.0000
refined_precision: 1.0000
refined_recall: 1.0000
refined_f1: 1.0000
refined_brier: 0.0430
refined_ece: 0.1689
refined_topk: 1.0000
refined_ambiguous_ratio: 0.0656
refined_refinement_candidate_ratio: 0.1750
delta_accuracy: 0.0156
delta_precision: 0.0100
delta_recall: 0.0421
delta_f1: 0.0287
delta_brier: -0.0243
delta_ece: -0.0594
delta_topk: 0.0105
candidate_accuracy: 1.0000
candidate_precision: 1.0000
candidate_recall: 1.0000
candidate_f1: 1.0000
refinement_change_rate: 0.0815
refinement_corrected_rate: 0.4000
refinement_wrong_flip_rate: 0.0000
