device: cuda
samples: train=100 test=100
batch_size: 16 amp: True
epoch 0001 loss=0.6412
epoch 0020 loss=0.0348
epoch 0040 loss=0.0106
epoch 0060 loss=0.0076
test metrics:
raw_accuracy: 0.9986
raw_precision: 0.9975
raw_recall: 0.9979
raw_f1: 0.9976
raw_brier: 0.0011
raw_ece: 0.0034
raw_topk: 0.9995
refined_accuracy: 0.9997
refined_precision: 0.9995
refined_recall: 0.9995
refined_f1: 0.9995
refined_brier: 0.0003
refined_ece: 0.0010
refined_topk: 0.9995
refined_ambiguous_ratio: 0.0011
refined_refinement_candidate_ratio: 0.1105
delta_accuracy: 0.0011
delta_precision: 0.0020
delta_recall: 0.0016
delta_f1: 0.0019
delta_brier: -0.0008
delta_ece: -0.0024
delta_topk: 0.0000
candidate_accuracy: 0.9975
candidate_precision: 0.9950
candidate_recall: 0.9975
candidate_f1: 0.9952
refinement_change_rate: 0.0088
refinement_corrected_rate: 0.0600
refinement_wrong_flip_rate: 0.0000
