device: cuda
samples: train=100 test=100
batch_size: 16 amp: True
epoch 0001 loss=0.6985
epoch 0020 loss=0.0330
epoch 0040 loss=0.0157
epoch 0060 loss=0.0082
test metrics:
raw_accuracy: 0.9977
raw_precision: 0.9931
raw_recall: 0.9995
raw_f1: 0.9962
raw_brier: 0.0018
raw_ece: 0.0046
raw_topk: 0.9974
refined_accuracy: 0.9991
refined_precision: 0.9975
refined_recall: 0.9995
refined_f1: 0.9984
refined_brier: 0.0008
refined_ece: 0.0018
refined_topk: 0.9984
refined_ambiguous_ratio: 0.0006
refined_refinement_candidate_ratio: 0.1100
delta_accuracy: 0.0014
delta_precision: 0.0044
delta_recall: 0.0000
delta_f1: 0.0023
delta_brier: -0.0011
delta_ece: -0.0029
delta_topk: 0.0011
candidate_accuracy: 0.9945
candidate_precision: 0.9800
candidate_recall: 0.9900
candidate_f1: 0.9833
refinement_change_rate: 0.0152
refinement_corrected_rate: 0.0900
refinement_wrong_flip_rate: 0.0100
