device: cuda
samples: train=100 test=100
batch_size: 16 amp: True
epoch 0001 loss=0.6573
epoch 0020 loss=0.0227
epoch 0040 loss=0.0094
epoch 0060 loss=0.0055
test metrics:
raw_accuracy: 0.9986
raw_precision: 0.9985
raw_recall: 0.9968
raw_f1: 0.9976
raw_brier: 0.0011
raw_ece: 0.0030
raw_topk: 0.9995
refined_accuracy: 0.9992
refined_precision: 0.9985
refined_recall: 0.9989
refined_f1: 0.9987
refined_brier: 0.0005
refined_ece: 0.0012
refined_topk: 0.9995
refined_ambiguous_ratio: 0.0011
refined_refinement_candidate_ratio: 0.1105
delta_accuracy: 0.0006
delta_precision: 0.0000
delta_recall: 0.0021
delta_f1: 0.0011
delta_brier: -0.0005
delta_ece: -0.0018
delta_topk: 0.0000
candidate_accuracy: 0.9945
candidate_precision: 0.9933
candidate_recall: 0.9933
candidate_f1: 0.9920
refinement_change_rate: 0.0080
refinement_corrected_rate: 0.0500
refinement_wrong_flip_rate: 0.0100
