device: cuda
samples: train=100 test=100
batch_size: 16 amp: True
epoch 0001 loss=0.6466
epoch 0020 loss=0.0363
epoch 0040 loss=0.0114
epoch 0060 loss=0.0069
test metrics:
raw_accuracy: 0.9989
raw_precision: 0.9985
raw_recall: 0.9979
raw_f1: 0.9981
raw_brier: 0.0011
raw_ece: 0.0042
raw_topk: 0.9995
refined_accuracy: 0.9992
refined_precision: 0.9985
refined_recall: 0.9989
refined_f1: 0.9987
refined_brier: 0.0005
refined_ece: 0.0014
refined_topk: 0.9995
refined_ambiguous_ratio: 0.0009
refined_refinement_candidate_ratio: 0.1103
delta_accuracy: 0.0003
delta_precision: 0.0000
delta_recall: 0.0011
delta_f1: 0.0005
delta_brier: -0.0006
delta_ece: -0.0027
delta_topk: 0.0000
candidate_accuracy: 0.9943
candidate_precision: 0.9917
candidate_recall: 0.9933
candidate_f1: 0.9907
refinement_change_rate: 0.0054
refinement_corrected_rate: 0.0300
refinement_wrong_flip_rate: 0.0100
