device: cuda
samples: train=100 test=100
batch_size: 16 amp: True
epoch 0001 loss=0.7120
epoch 0020 loss=0.0262
epoch 0040 loss=0.0103
epoch 0060 loss=0.0056
test metrics:
raw_accuracy: 0.9992
raw_precision: 0.9980
raw_recall: 0.9995
raw_f1: 0.9987
raw_brier: 0.0007
raw_ece: 0.0024
raw_topk: 0.9989
refined_accuracy: 0.9998
refined_precision: 0.9995
refined_recall: 1.0000
refined_f1: 0.9997
refined_brier: 0.0002
refined_ece: 0.0008
refined_topk: 1.0000
refined_ambiguous_ratio: 0.0002
refined_refinement_candidate_ratio: 0.1095
delta_accuracy: 0.0006
delta_precision: 0.0015
delta_recall: 0.0005
delta_f1: 0.0010
delta_brier: -0.0005
delta_ece: -0.0016
delta_topk: 0.0011
candidate_accuracy: 0.9986
candidate_precision: 0.9950
candidate_recall: 1.0000
candidate_f1: 0.9967
refinement_change_rate: 0.0057
refinement_corrected_rate: 0.0400
refinement_wrong_flip_rate: 0.0000
