device: cuda
samples: train=100 test=100
batch_size: 16 amp: True
epoch 0001 loss=0.6666
epoch 0020 loss=0.0480
epoch 0040 loss=0.0123
epoch 0060 loss=0.0076
test metrics:
raw_accuracy: 0.9978
raw_precision: 0.9965
raw_recall: 0.9963
raw_f1: 0.9963
raw_brier: 0.0016
raw_ece: 0.0046
raw_topk: 0.9984
refined_accuracy: 0.9997
refined_precision: 0.9995
refined_recall: 0.9995
refined_f1: 0.9995
refined_brier: 0.0003
refined_ece: 0.0010
refined_topk: 1.0000
refined_ambiguous_ratio: 0.0006
refined_refinement_candidate_ratio: 0.1100
delta_accuracy: 0.0019
delta_precision: 0.0030
delta_recall: 0.0032
delta_f1: 0.0032
delta_brier: -0.0013
delta_ece: -0.0036
delta_topk: 0.0016
candidate_accuracy: 0.9973
candidate_precision: 0.9967
candidate_recall: 0.9950
candidate_f1: 0.9947
refinement_change_rate: 0.0195
refinement_corrected_rate: 0.1300
refinement_wrong_flip_rate: 0.0100
