device: cuda
samples: train=100 test=100
batch_size: 16 amp: True
epoch 0001 loss=0.6858
epoch 0020 loss=0.0358
epoch 0040 loss=0.0138
epoch 0060 loss=0.0108
test metrics:
raw_accuracy: 0.9970
raw_precision: 0.9916
raw_recall: 0.9989
raw_f1: 0.9951
raw_brier: 0.0023
raw_ece: 0.0060
raw_topk: 0.9995
refined_accuracy: 0.9997
refined_precision: 0.9990
refined_recall: 1.0000
refined_f1: 0.9995
refined_brier: 0.0002
refined_ece: 0.0010
refined_topk: 1.0000
refined_ambiguous_ratio: 0.0030
refined_refinement_candidate_ratio: 0.1128
delta_accuracy: 0.0027
delta_precision: 0.0074
delta_recall: 0.0011
delta_f1: 0.0043
delta_brier: -0.0020
delta_ece: -0.0050
delta_topk: 0.0005
candidate_accuracy: 0.9971
candidate_precision: 0.9917
candidate_recall: 1.0000
candidate_f1: 0.9947
refinement_change_rate: 0.0248
refinement_corrected_rate: 0.1400
refinement_wrong_flip_rate: 0.0100
