device: cuda
samples: train=10 test=5
batch_size: 16 amp: True
epoch 0001 loss=0.7067
epoch 0020 loss=0.4142
test metrics:
raw_accuracy: 0.7500
raw_precision: 0.8000
raw_recall: 0.1579
raw_f1: 0.2341
raw_brier: 0.1053
raw_ece: 0.2765
raw_topk: 1.0000
refined_accuracy: 1.0000
refined_precision: 1.0000
refined_recall: 1.0000
refined_f1: 1.0000
refined_brier: 0.0162
refined_ece: 0.0987
refined_topk: 1.0000
refined_ambiguous_ratio: 0.2969
refined_refinement_candidate_ratio: 0.3750
delta_accuracy: 0.2500
delta_precision: 0.2000
delta_recall: 0.8421
delta_f1: 0.7659
delta_brier: -0.0891
delta_ece: -0.1778
delta_topk: 0.0000
candidate_accuracy: 1.0000
candidate_precision: 1.0000
candidate_recall: 1.0000
candidate_f1: 1.0000
refinement_change_rate: 0.6667
refinement_corrected_rate: 1.0000
refinement_wrong_flip_rate: 0.0000
