device: cuda
samples: train=100 test=100
batch_size: 16 amp: True
epoch 0001 loss=0.6489
epoch 0020 loss=0.0417
epoch 0040 loss=0.0116
epoch 0060 loss=0.0077
test metrics:
raw_accuracy: 0.9983
raw_precision: 0.9955
raw_recall: 0.9989
raw_f1: 0.9972
raw_brier: 0.0015
raw_ece: 0.0054
raw_topk: 0.9995
refined_accuracy: 0.9998
refined_precision: 0.9995
refined_recall: 1.0000
refined_f1: 0.9997
refined_brier: 0.0002
refined_ece: 0.0009
refined_topk: 1.0000
refined_ambiguous_ratio: 0.0016
refined_refinement_candidate_ratio: 0.1109
delta_accuracy: 0.0016
delta_precision: 0.0040
delta_recall: 0.0011
delta_f1: 0.0026
delta_brier: -0.0013
delta_ece: -0.0045
delta_topk: 0.0005
candidate_accuracy: 0.9986
candidate_precision: 0.9950
candidate_recall: 1.0000
candidate_f1: 0.9967
refinement_change_rate: 0.0132
refinement_corrected_rate: 0.0900
refinement_wrong_flip_rate: 0.0000
