device: cuda
samples: train=100 test=100
batch_size: 16 amp: True
epoch 0001 loss=0.6906
epoch 0020 loss=0.0059
epoch 0040 loss=0.0026
epoch 0060 loss=0.0018
test metrics:
raw_accuracy: 0.9988
raw_precision: 0.9985
raw_recall: 0.9974
raw_f1: 0.9979
raw_brier: 0.0010
raw_ece: 0.0013
raw_topk: 0.9995
refined_accuracy: 0.9995
refined_precision: 0.9990
refined_recall: 0.9995
refined_f1: 0.9992
refined_brier: 0.0004
refined_ece: 0.0004
refined_topk: 1.0000
refined_ambiguous_ratio: 0.0003
refined_refinement_candidate_ratio: 0.1097
delta_accuracy: 0.0008
delta_precision: 0.0005
delta_recall: 0.0021
delta_f1: 0.0013
delta_brier: -0.0006
delta_ece: -0.0009
delta_topk: 0.0005
candidate_accuracy: 0.9957
candidate_precision: 0.9900
candidate_recall: 0.9950
candidate_f1: 0.9900
refinement_change_rate: 0.0098
refinement_corrected_rate: 0.0600
refinement_wrong_flip_rate: 0.0100
