device: cuda
samples: train=100 test=100
batch_size: 16 amp: True
epoch 0001 loss=0.7147
epoch 0020 loss=0.0080
epoch 0040 loss=0.0036
epoch 0060 loss=0.0023
test metrics:
raw_accuracy: 0.9980
raw_precision: 0.9940
raw_recall: 0.9995
raw_f1: 0.9967
raw_brier: 0.0011
raw_ece: 0.0021
raw_topk: 0.9995
refined_accuracy: 0.9998
refined_precision: 0.9995
refined_recall: 1.0000
refined_f1: 0.9997
refined_brier: 0.0002
refined_ece: 0.0003
refined_topk: 1.0000
refined_ambiguous_ratio: 0.0003
refined_refinement_candidate_ratio: 0.1098
delta_accuracy: 0.0019
delta_precision: 0.0055
delta_recall: 0.0005
delta_f1: 0.0031
delta_brier: -0.0010
delta_ece: -0.0018
delta_topk: 0.0005
candidate_accuracy: 0.9986
candidate_precision: 0.9950
candidate_recall: 1.0000
candidate_f1: 0.9967
refinement_change_rate: 0.0163
refinement_corrected_rate: 0.1000
refinement_wrong_flip_rate: 0.0000
