device: cuda
samples: train=10 test=5
batch_size: 16 amp: True
epoch 0001 loss=0.7216
epoch 0020 loss=0.4948
test metrics:
raw_accuracy: 0.7031
raw_precision: 0.0000
raw_recall: 0.0000
raw_f1: 0.0000
raw_brier: 0.1504
raw_ece: 0.2531
raw_topk: 0.8632
refined_accuracy: 0.8875
refined_precision: 0.9611
refined_recall: 0.6421
refined_f1: 0.7599
refined_brier: 0.0881
refined_ece: 0.1596
refined_topk: 0.8737
refined_ambiguous_ratio: 0.1187
refined_refinement_candidate_ratio: 0.2156
delta_accuracy: 0.1844
delta_precision: 0.9611
delta_recall: 0.6421
delta_f1: 0.7599
delta_brier: -0.0622
delta_ece: -0.0935
delta_topk: 0.0105
candidate_accuracy: 0.9506
candidate_precision: 0.9611
candidate_recall: 0.9882
candidate_f1: 0.9735
refinement_change_rate: 0.9368
refinement_corrected_rate: 0.9611
refinement_wrong_flip_rate: 0.0389
