device: cuda
samples: train=10 test=5
batch_size: 16 amp: True
epoch 0001 loss=0.7382
epoch 0020 loss=0.4106
test metrics:
raw_accuracy: 0.9031
raw_precision: 0.9484
raw_recall: 0.7263
raw_f1: 0.7922
raw_brier: 0.1026
raw_ece: 0.2481
raw_topk: 0.9263
refined_accuracy: 0.9812
refined_precision: 0.9522
refined_recall: 0.9895
refined_f1: 0.9697
refined_brier: 0.0419
refined_ece: 0.1404
refined_topk: 0.9684
refined_ambiguous_ratio: 0.2469
refined_refinement_candidate_ratio: 0.3375
delta_accuracy: 0.0781
delta_precision: 0.0038
delta_recall: 0.2632
delta_f1: 0.1775
delta_brier: -0.0607
delta_ece: -0.1077
delta_topk: 0.0421
candidate_accuracy: 0.9528
candidate_precision: 0.9584
candidate_recall: 0.9333
candidate_f1: 0.9377
refinement_change_rate: 0.2437
refinement_corrected_rate: 0.6000
refinement_wrong_flip_rate: 0.2000
