device: cuda
samples: train=10 test=5
batch_size: 16 amp: True
epoch 0001 loss=0.7301
epoch 0020 loss=0.5288
test metrics:
raw_accuracy: 0.7031
raw_precision: 0.0000
raw_recall: 0.0000
raw_f1: 0.0000
raw_brier: 0.1641
raw_ece: 0.3379
raw_topk: 0.9684
refined_accuracy: 0.8250
refined_precision: 0.9800
refined_recall: 0.4211
refined_f1: 0.5866
refined_brier: 0.1182
refined_ece: 0.2644
refined_topk: 0.9684
refined_ambiguous_ratio: 0.0219
refined_refinement_candidate_ratio: 0.1281
delta_accuracy: 0.1219
delta_precision: 0.9800
delta_recall: 0.4211
delta_f1: 0.5866
delta_brier: -0.0460
delta_ece: -0.0735
delta_topk: 0.0000
candidate_accuracy: 0.9800
candidate_precision: 0.9800
candidate_recall: 1.0000
candidate_f1: 0.9895
refinement_change_rate: 1.0000
refinement_corrected_rate: 0.9800
refinement_wrong_flip_rate: 0.0200
