device: cuda
samples: train=10 test=5
batch_size: 16 amp: True
epoch 0001 loss=0.6885
epoch 0020 loss=0.4661
test metrics:
raw_accuracy: 0.7500
raw_precision: 0.6588
raw_recall: 0.2105
raw_f1: 0.2872
raw_brier: 0.1388
raw_ece: 0.2340
raw_topk: 0.7895
refined_accuracy: 0.9344
refined_precision: 0.9376
refined_recall: 0.8421
refined_f1: 0.8776
refined_brier: 0.0608
refined_ece: 0.1432
refined_topk: 0.9053
refined_ambiguous_ratio: 0.2531
refined_refinement_candidate_ratio: 0.3312
delta_accuracy: 0.1844
delta_precision: 0.2788
delta_recall: 0.6316
delta_f1: 0.5904
delta_brier: -0.0780
delta_ece: -0.0908
delta_topk: 0.1158
candidate_accuracy: 0.9484
candidate_precision: 0.9376
candidate_recall: 1.0000
candidate_f1: 0.9673
refinement_change_rate: 0.6324
refinement_corrected_rate: 0.9857
refinement_wrong_flip_rate: 0.0143
